{"/home/travis/build/npmtest/node-npmtest-redux-persist/test.js":{"path":"/home/travis/build/npmtest/node-npmtest-redux-persist/test.js","s":{"1":2,"2":2,"3":2,"4":2,"5":2,"6":2,"7":2,"8":1,"9":2,"10":2,"11":1,"12":1,"13":1,"14":1,"15":2,"16":2,"17":2,"18":2,"19":1,"20":1,"21":2,"22":2,"23":2,"24":1,"25":1,"26":1,"27":1,"28":1,"29":1,"30":1,"31":1,"32":1,"33":1,"34":1,"35":1,"36":1,"37":1,"38":1,"39":2,"40":2,"41":1,"42":2,"43":2,"44":1,"45":2,"46":2,"47":1,"48":2,"49":2,"50":1,"51":1,"52":1,"53":1,"54":1},"b":{"1":[2,1,1,1],"2":[1,1,1,1],"3":[1,1],"4":[1,1],"5":[1,1],"6":[1,1],"7":[1,1],"8":[1,1],"9":[1,1],"10":[1,1,1],"11":[1,1],"12":[1,1],"13":[1,1],"14":[1,1],"15":[1,1],"16":[1,1],"17":[1,1]},"f":{"1":2,"2":2,"3":2,"4":2,"5":2,"6":1,"7":1,"8":1,"9":2,"10":2,"11":2,"12":2,"13":1},"fnMap":{"1":{"name":"(anonymous_1)","line":12,"loc":{"start":{"line":12,"column":1},"end":{"line":12,"column":13}}},"2":{"name":"(anonymous_2)","line":19,"loc":{"start":{"line":19,"column":5},"end":{"line":19,"column":17}}},"3":{"name":"(anonymous_3)","line":23,"loc":{"start":{"line":23,"column":24},"end":{"line":23,"column":36}}},"4":{"name":"(anonymous_4)","line":61,"loc":{"start":{"line":61,"column":5},"end":{"line":61,"column":17}}},"5":{"name":"(anonymous_5)","line":82,"loc":{"start":{"line":82,"column":5},"end":{"line":82,"column":17}}},"6":{"name":"(anonymous_6)","line":91,"loc":{"start":{"line":91,"column":77},"end":{"line":94,"column":10}}},"7":{"name":"(anonymous_7)","line":112,"loc":{"start":{"line":112,"column":83},"end":{"line":115,"column":10}},"skip":true},"8":{"name":"(anonymous_8)","line":123,"loc":{"start":{"line":123,"column":77},"end":{"line":126,"column":10}},"skip":true},"9":{"name":"(anonymous_9)","line":139,"loc":{"start":{"line":139,"column":12},"end":{"line":139,"column":40}},"skip":true},"10":{"name":"(anonymous_10)","line":147,"loc":{"start":{"line":147,"column":77},"end":{"line":150,"column":10}},"skip":true},"11":{"name":"(anonymous_11)","line":158,"loc":{"start":{"line":158,"column":83},"end":{"line":161,"column":10}},"skip":true},"12":{"name":"(anonymous_12)","line":169,"loc":{"start":{"line":169,"column":79},"end":{"line":172,"column":10}},"skip":true},"13":{"name":"(anonymous_13)","line":180,"loc":{"start":{"line":180,"column":75},"end":{"line":183,"column":10}},"skip":true}},"statementMap":{"1":{"start":{"line":12,"column":0},"end":{"line":195,"column":5}},"2":{"start":{"line":14,"column":4},"end":{"line":14,"column":14}},"3":{"start":{"line":19,"column":4},"end":{"line":56,"column":9}},"4":{"start":{"line":21,"column":8},"end":{"line":21,"column":19}},"5":{"start":{"line":23,"column":8},"end":{"line":35,"column":13}},"6":{"start":{"line":24,"column":12},"end":{"line":34,"column":13}},"7":{"start":{"line":25,"column":16},"end":{"line":28,"column":30}},"8":{"start":{"line":30,"column":16},"end":{"line":33,"column":27}},"9":{"start":{"line":37,"column":8},"end":{"line":39,"column":21}},"10":{"start":{"line":40,"column":8},"end":{"line":53,"column":9}},"11":{"start":{"line":43,"column":12},"end":{"line":46,"column":14}},"12":{"start":{"line":47,"column":12},"end":{"line":47,"column":18}},"13":{"start":{"line":50,"column":12},"end":{"line":51,"column":46}},"14":{"start":{"line":52,"column":12},"end":{"line":52,"column":18}},"15":{"start":{"line":55,"column":8},"end":{"line":55,"column":35}},"16":{"start":{"line":61,"column":4},"end":{"line":63,"column":9}},"17":{"start":{"line":62,"column":8},"end":{"line":62,"column":15}},"18":{"start":{"line":64,"column":4},"end":{"line":77,"column":5}},"19":{"start":{"line":70,"column":8},"end":{"line":70,"column":14}},"20":{"start":{"line":76,"column":8},"end":{"line":76,"column":14}},"21":{"start":{"line":82,"column":4},"end":{"line":84,"column":9}},"22":{"start":{"line":83,"column":8},"end":{"line":83,"column":15}},"23":{"start":{"line":85,"column":4},"end":{"line":194,"column":5}},"24":{"start":{"line":91,"column":8},"end":{"line":99,"column":10}},"25":{"start":{"line":98,"column":12},"end":{"line":98,"column":35}},"26":{"start":{"line":102,"column":8},"end":{"line":104,"column":63}},"27":{"start":{"line":105,"column":8},"end":{"line":105,"column":14}},"28":{"start":{"line":112,"column":8},"end":{"line":121,"column":10},"skip":true},"29":{"start":{"line":119,"column":12},"end":{"line":119,"column":55},"skip":true},"30":{"start":{"line":120,"column":12},"end":{"line":120,"column":48},"skip":true},"31":{"start":{"line":123,"column":8},"end":{"line":136,"column":10},"skip":true},"32":{"start":{"line":130,"column":12},"end":{"line":130,"column":76},"skip":true},"33":{"start":{"line":131,"column":12},"end":{"line":131,"column":73},"skip":true},"34":{"start":{"line":132,"column":12},"end":{"line":132,"column":74},"skip":true},"35":{"start":{"line":133,"column":12},"end":{"line":133,"column":79},"skip":true},"36":{"start":{"line":134,"column":12},"end":{"line":134,"column":25},"skip":true},"37":{"start":{"line":135,"column":12},"end":{"line":135,"column":45},"skip":true},"38":{"start":{"line":138,"column":8},"end":{"line":145,"column":14},"skip":true},"39":{"start":{"line":143,"column":16},"end":{"line":143,"column":29},"skip":true},"40":{"start":{"line":144,"column":16},"end":{"line":144,"column":55},"skip":true},"41":{"start":{"line":147,"column":8},"end":{"line":156,"column":10},"skip":true},"42":{"start":{"line":154,"column":12},"end":{"line":154,"column":25},"skip":true},"43":{"start":{"line":155,"column":12},"end":{"line":155,"column":45},"skip":true},"44":{"start":{"line":158,"column":8},"end":{"line":167,"column":10},"skip":true},"45":{"start":{"line":165,"column":12},"end":{"line":165,"column":25},"skip":true},"46":{"start":{"line":166,"column":12},"end":{"line":166,"column":48},"skip":true},"47":{"start":{"line":169,"column":8},"end":{"line":178,"column":10},"skip":true},"48":{"start":{"line":176,"column":12},"end":{"line":176,"column":25},"skip":true},"49":{"start":{"line":177,"column":12},"end":{"line":177,"column":46},"skip":true},"50":{"start":{"line":180,"column":8},"end":{"line":189,"column":10},"skip":true},"51":{"start":{"line":187,"column":12},"end":{"line":187,"column":94},"skip":true},"52":{"start":{"line":188,"column":12},"end":{"line":188,"column":48},"skip":true},"53":{"start":{"line":192,"column":8},"end":{"line":192,"column":35},"skip":true},"54":{"start":{"line":193,"column":8},"end":{"line":193,"column":14},"skip":true}},"branchMap":{"1":{"line":25,"type":"binary-expr","locations":[{"start":{"line":25,"column":23},"end":{"line":25,"column":62}},{"start":{"line":26,"column":20},"end":{"line":26,"column":70}},{"start":{"line":27,"column":20},"end":{"line":27,"column":71}},{"start":{"line":28,"column":20},"end":{"line":28,"column":29}}]},"2":{"line":30,"type":"binary-expr","locations":[{"start":{"line":30,"column":23},"end":{"line":30,"column":37}},{"start":{"line":31,"column":20},"end":{"line":31,"column":61}},{"start":{"line":32,"column":20},"end":{"line":32,"column":70}},{"start":{"line":33,"column":20},"end":{"line":33,"column":26}}]},"3":{"line":37,"type":"cond-expr","locations":[{"start":{"line":38,"column":14},"end":{"line":38,"column":20}},{"start":{"line":39,"column":14},"end":{"line":39,"column":20}}]},"4":{"line":40,"type":"switch","locations":[{"start":{"line":42,"column":8},"end":{"line":47,"column":18}},{"start":{"line":49,"column":8},"end":{"line":52,"column":18}}]},"5":{"line":44,"type":"binary-expr","locations":[{"start":{"line":44,"column":16},"end":{"line":44,"column":44}},{"start":{"line":44,"column":48},"end":{"line":44,"column":66}}]},"6":{"line":50,"type":"binary-expr","locations":[{"start":{"line":50,"column":21},"end":{"line":50,"column":49}},{"start":{"line":50,"column":53},"end":{"line":50,"column":72}}]},"7":{"line":64,"type":"switch","locations":[{"start":{"line":69,"column":4},"end":{"line":70,"column":14}},{"start":{"line":75,"column":4},"end":{"line":76,"column":14}}]},"8":{"line":85,"type":"switch","locations":[{"start":{"line":90,"column":4},"end":{"line":105,"column":14}},{"start":{"line":111,"column":4},"end":{"line":193,"column":14},"skip":true}]},"9":{"line":91,"type":"binary-expr","locations":[{"start":{"line":91,"column":42},"end":{"line":91,"column":73}},{"start":{"line":91,"column":77},"end":{"line":99,"column":9}}]},"10":{"line":102,"type":"binary-expr","locations":[{"start":{"line":102,"column":18},"end":{"line":102,"column":32}},{"start":{"line":103,"column":12},"end":{"line":103,"column":53}},{"start":{"line":104,"column":12},"end":{"line":104,"column":61}}]},"11":{"line":112,"type":"binary-expr","locations":[{"start":{"line":112,"column":45},"end":{"line":112,"column":79},"skip":true},{"start":{"line":112,"column":83},"end":{"line":121,"column":9},"skip":true}]},"12":{"line":123,"type":"binary-expr","locations":[{"start":{"line":123,"column":42},"end":{"line":123,"column":73},"skip":true},{"start":{"line":123,"column":77},"end":{"line":136,"column":9},"skip":true}]},"13":{"line":138,"type":"binary-expr","locations":[{"start":{"line":138,"column":48},"end":{"line":138,"column":85},"skip":true},{"start":{"line":139,"column":12},"end":{"line":145,"column":13},"skip":true}]},"14":{"line":147,"type":"binary-expr","locations":[{"start":{"line":147,"column":42},"end":{"line":147,"column":73},"skip":true},{"start":{"line":147,"column":77},"end":{"line":156,"column":9},"skip":true}]},"15":{"line":158,"type":"binary-expr","locations":[{"start":{"line":158,"column":45},"end":{"line":158,"column":79},"skip":true},{"start":{"line":158,"column":83},"end":{"line":167,"column":9},"skip":true}]},"16":{"line":169,"type":"binary-expr","locations":[{"start":{"line":169,"column":43},"end":{"line":169,"column":75},"skip":true},{"start":{"line":169,"column":79},"end":{"line":178,"column":9},"skip":true}]},"17":{"line":180,"type":"binary-expr","locations":[{"start":{"line":180,"column":41},"end":{"line":180,"column":71},"skip":true},{"start":{"line":180,"column":75},"end":{"line":189,"column":9},"skip":true}]}},"code":["/* istanbul instrument in package npmtest_redux_persist */","/*jslint","    bitwise: true,","    browser: true,","    maxerr: 8,","    maxlen: 96,","    node: true,","    nomen: true,","    regexp: true,","    stupid: true","*/","(function () {","    'use strict';","    var local;","","","","    // run shared js-env code - pre-init","    (function () {","        // init local","        local = {};","        // init modeJs","        local.modeJs = (function () {","            try {","                return typeof navigator.userAgent === 'string' &&","                    typeof document.querySelector('body') === 'object' &&","                    typeof XMLHttpRequest.prototype.open === 'function' &&","                    'browser';","            } catch (errorCaughtBrowser) {","                return module.exports &&","                    typeof process.versions.node === 'string' &&","                    typeof require('http').createServer === 'function' &&","                    'node';","            }","        }());","        // init global","        local.global = local.modeJs === 'browser'","            ? window","            : global;","        switch (local.modeJs) {","        // re-init local from window.local","        case 'browser':","            local = local.global.utility2.objectSetDefault(","                local.global.utility2_rollup || local.global.local,","                local.global.utility2","            );","            break;","        // re-init local from example.js","        case 'node':","            local = (local.global.utility2_rollup || require('utility2'))","                .requireExampleJsFromReadme();","            break;","        }","        // export local","        local.global.local = local;","    }());","","","","    // run shared js-env code - function","    (function () {","        return;","    }());","    switch (local.modeJs) {","","","","    // run browser js-env code - function","    case 'browser':","        break;","","","","    // run node js-env code - function","    case 'node':","        break;","    }","","","","    // run shared js-env code - post-init","    (function () {","        return;","    }());","    switch (local.modeJs) {","","","","    // run browser js-env code - post-init","    case 'browser':","        local.testCase_browser_nullCase = local.testCase_browser_nullCase || function (","            options,","            onError","        ) {","        /*","         * this function will test browsers's null-case handling-behavior-behavior","         */","            onError(null, options);","        };","","        // run tests","        local.nop(local.modeTest &&","            document.querySelector('#testRunButton1') &&","            document.querySelector('#testRunButton1').click());","        break;","","","","    // run node js-env code - post-init","    /* istanbul ignore next */","    case 'node':","        local.testCase_buildApidoc_default = local.testCase_buildApidoc_default || function (","            options,","            onError","        ) {","        /*","         * this function will test buildApidoc's default handling-behavior-behavior","         */","            options = { modulePathList: module.paths };","            local.buildApidoc(options, onError);","        };","","        local.testCase_buildApp_default = local.testCase_buildApp_default || function (","            options,","            onError","        ) {","        /*","         * this function will test buildApp's default handling-behavior-behavior","         */","            local.testCase_buildReadme_default(options, local.onErrorThrow);","            local.testCase_buildLib_default(options, local.onErrorThrow);","            local.testCase_buildTest_default(options, local.onErrorThrow);","            local.testCase_buildCustomOrg_default(options, local.onErrorThrow);","            options = [];","            local.buildApp(options, onError);","        };","","        local.testCase_buildCustomOrg_default = local.testCase_buildCustomOrg_default ||","            function (options, onError) {","            /*","             * this function will test buildCustomOrg's default handling-behavior","             */","                options = {};","                local.buildCustomOrg(options, onError);","            };","","        local.testCase_buildLib_default = local.testCase_buildLib_default || function (","            options,","            onError","        ) {","        /*","         * this function will test buildLib's default handling-behavior","         */","            options = {};","            local.buildLib(options, onError);","        };","","        local.testCase_buildReadme_default = local.testCase_buildReadme_default || function (","            options,","            onError","        ) {","        /*","         * this function will test buildReadme's default handling-behavior-behavior","         */","            options = {};","            local.buildReadme(options, onError);","        };","","        local.testCase_buildTest_default = local.testCase_buildTest_default || function (","            options,","            onError","        ) {","        /*","         * this function will test buildTest's default handling-behavior","         */","            options = {};","            local.buildTest(options, onError);","        };","","        local.testCase_webpage_default = local.testCase_webpage_default || function (","            options,","            onError","        ) {","        /*","         * this function will test webpage's default handling-behavior","         */","            options = { modeCoverageMerge: true, url: local.serverLocalHost + '?modeTest=1' };","            local.browserTest(options, onError);","        };","","        // run test-server","        local.testRunServer(local);","        break;","    }","}());",""],"l":{"12":2,"14":2,"19":2,"21":2,"23":2,"24":2,"25":2,"30":1,"37":2,"40":2,"43":1,"47":1,"50":1,"52":1,"55":2,"61":2,"62":2,"64":2,"70":1,"76":1,"82":2,"83":2,"85":2,"91":1,"98":1,"102":1,"105":1,"112":1,"119":1,"120":1,"123":1,"130":1,"131":1,"132":1,"133":1,"134":1,"135":1,"138":1,"143":2,"144":2,"147":1,"154":2,"155":2,"158":1,"165":2,"166":2,"169":1,"176":2,"177":2,"180":1,"187":1,"188":1,"192":1,"193":1}},"/home/travis/build/npmtest/node-npmtest-redux-persist/lib.npmtest_redux_persist.js":{"path":"/home/travis/build/npmtest/node-npmtest-redux-persist/lib.npmtest_redux_persist.js","s":{"1":2,"2":2,"3":2,"4":2,"5":2,"6":2,"7":2,"8":1,"9":2,"10":2,"11":2,"12":2,"13":1,"14":1,"15":1,"16":1},"b":{"1":[2,1,1,1],"2":[1,1,1,1],"3":[1,1],"4":[2,2],"5":[1,1]},"f":{"1":2,"2":2,"3":2},"fnMap":{"1":{"name":"(anonymous_1)","line":12,"loc":{"start":{"line":12,"column":1},"end":{"line":12,"column":13}}},"2":{"name":"(anonymous_2)","line":19,"loc":{"start":{"line":19,"column":5},"end":{"line":19,"column":17}}},"3":{"name":"(anonymous_3)","line":23,"loc":{"start":{"line":23,"column":24},"end":{"line":23,"column":36}}}},"statementMap":{"1":{"start":{"line":12,"column":0},"end":{"line":53,"column":5}},"2":{"start":{"line":14,"column":4},"end":{"line":14,"column":14}},"3":{"start":{"line":19,"column":4},"end":{"line":52,"column":9}},"4":{"start":{"line":21,"column":8},"end":{"line":21,"column":19}},"5":{"start":{"line":23,"column":8},"end":{"line":35,"column":13}},"6":{"start":{"line":24,"column":12},"end":{"line":34,"column":13}},"7":{"start":{"line":25,"column":16},"end":{"line":28,"column":30}},"8":{"start":{"line":30,"column":16},"end":{"line":33,"column":27}},"9":{"start":{"line":37,"column":8},"end":{"line":39,"column":21}},"10":{"start":{"line":41,"column":8},"end":{"line":41,"column":54}},"11":{"start":{"line":43,"column":8},"end":{"line":43,"column":58}},"12":{"start":{"line":45,"column":8},"end":{"line":51,"column":9}},"13":{"start":{"line":46,"column":12},"end":{"line":46,"column":64}},"14":{"start":{"line":48,"column":12},"end":{"line":48,"column":35}},"15":{"start":{"line":49,"column":12},"end":{"line":49,"column":49}},"16":{"start":{"line":50,"column":12},"end":{"line":50,"column":43}}},"branchMap":{"1":{"line":25,"type":"binary-expr","locations":[{"start":{"line":25,"column":23},"end":{"line":25,"column":62}},{"start":{"line":26,"column":20},"end":{"line":26,"column":70}},{"start":{"line":27,"column":20},"end":{"line":27,"column":71}},{"start":{"line":28,"column":20},"end":{"line":28,"column":29}}]},"2":{"line":30,"type":"binary-expr","locations":[{"start":{"line":30,"column":23},"end":{"line":30,"column":37}},{"start":{"line":31,"column":20},"end":{"line":31,"column":61}},{"start":{"line":32,"column":20},"end":{"line":32,"column":70}},{"start":{"line":33,"column":20},"end":{"line":33,"column":26}}]},"3":{"line":37,"type":"cond-expr","locations":[{"start":{"line":38,"column":14},"end":{"line":38,"column":20}},{"start":{"line":39,"column":14},"end":{"line":39,"column":20}}]},"4":{"line":41,"type":"binary-expr","locations":[{"start":{"line":41,"column":16},"end":{"line":41,"column":44}},{"start":{"line":41,"column":48},"end":{"line":41,"column":53}}]},"5":{"line":45,"type":"if","locations":[{"start":{"line":45,"column":8},"end":{"line":45,"column":8}},{"start":{"line":45,"column":8},"end":{"line":45,"column":8}}]}},"code":["/* istanbul instrument in package npmtest_redux_persist */","/*jslint","    bitwise: true,","    browser: true,","    maxerr: 8,","    maxlen: 96,","    node: true,","    nomen: true,","    regexp: true,","    stupid: true","*/","(function () {","    'use strict';","    var local;","","","","    // run shared js-env code - pre-init","    (function () {","        // init local","        local = {};","        // init modeJs","        local.modeJs = (function () {","            try {","                return typeof navigator.userAgent === 'string' &&","                    typeof document.querySelector('body') === 'object' &&","                    typeof XMLHttpRequest.prototype.open === 'function' &&","                    'browser';","            } catch (errorCaughtBrowser) {","                return module.exports &&","                    typeof process.versions.node === 'string' &&","                    typeof require('http').createServer === 'function' &&","                    'node';","            }","        }());","        // init global","        local.global = local.modeJs === 'browser'","            ? window","            : global;","        // init utility2_rollup","        local = local.global.utility2_rollup || local;","        // init lib","        local.local = local.npmtest_redux_persist = local;","        // init exports","        if (local.modeJs === 'browser') {","            local.global.utility2_npmtest_redux_persist = local;","        } else {","            module.exports = local;","            module.exports.__dirname = __dirname;","            module.exports.module = module;","        }","    }());","}());",""],"l":{"12":2,"14":2,"19":2,"21":2,"23":2,"24":2,"25":2,"30":1,"37":2,"41":2,"43":2,"45":2,"46":1,"48":1,"49":1,"50":1}},"/home/travis/build/npmtest/node-npmtest-redux-persist/example.js":{"path":"/home/travis/build/npmtest/node-npmtest-redux-persist/example.js","s":{"1":2,"2":2,"3":2,"4":2,"5":2,"6":2,"7":2,"8":1,"9":2,"10":2,"11":2,"12":2,"13":1,"14":2,"15":2,"16":2,"17":2,"18":2,"19":0,"20":2,"21":1,"22":1,"23":1,"24":1,"25":1,"26":0,"27":0,"28":1,"29":1,"30":2,"31":0,"32":0,"33":0,"34":1,"35":2,"36":2,"37":3,"38":3,"39":3,"40":3,"41":0,"42":3,"43":3,"44":3,"45":1,"46":3,"47":1,"48":1,"49":1,"50":1,"51":1,"52":1,"53":1,"54":1,"55":1,"56":1,"57":0,"58":1,"59":6,"60":6,"61":1,"62":2,"63":0,"64":2,"65":1,"66":1,"67":0,"68":0,"69":0,"70":0,"71":0,"72":0,"73":0,"74":0,"75":0,"76":0,"77":0,"78":0,"79":0,"80":0,"81":0,"82":0,"83":0},"b":{"1":[2,1,1,1],"2":[1,1,1,1],"3":[1,1],"4":[2,2],"5":[1,1],"6":[1,1],"7":[2,0],"8":[2,1,1,1,1,1],"9":[0,2,0],"10":[1,1],"11":[2,1,1],"12":[1,0],"13":[0,2],"14":[2,0,0,0,0,0,0],"15":[0,3],"16":[3,0],"17":[1,1],"18":[0,1],"19":[1,2,0,2],"20":[1,0],"21":[1,1],"22":[0,0],"23":[0,0],"24":[0,0],"25":[0,0],"26":[0,0],"27":[0,0],"28":[0,0]},"f":{"1":2,"2":2,"3":2,"4":2,"5":2,"6":2,"7":3,"8":3,"9":3,"10":1,"11":6,"12":0},"fnMap":{"1":{"name":"(anonymous_1)","line":26,"loc":{"start":{"line":26,"column":1},"end":{"line":26,"column":13}}},"2":{"name":"(anonymous_2)","line":33,"loc":{"start":{"line":33,"column":5},"end":{"line":33,"column":17}}},"3":{"name":"(anonymous_3)","line":37,"loc":{"start":{"line":37,"column":24},"end":{"line":37,"column":36}}},"4":{"name":"(anonymous_4)","line":69,"loc":{"start":{"line":69,"column":31},"end":{"line":69,"column":48}},"skip":true},"5":{"name":"(anonymous_5)","line":78,"loc":{"start":{"line":78,"column":26},"end":{"line":78,"column":45}},"skip":true},"6":{"name":"(anonymous_6)","line":123,"loc":{"start":{"line":123,"column":33},"end":{"line":123,"column":48}},"skip":true},"7":{"name":"(anonymous_7)","line":125,"loc":{"start":{"line":125,"column":27},"end":{"line":125,"column":39}},"skip":true},"8":{"name":"(anonymous_8)","line":133,"loc":{"start":{"line":133,"column":59},"end":{"line":133,"column":74}},"skip":true},"9":{"name":"(anonymous_9)","line":143,"loc":{"start":{"line":143,"column":45},"end":{"line":143,"column":62}},"skip":true},"10":{"name":"(anonymous_10)","line":144,"loc":{"start":{"line":144,"column":73},"end":{"line":144,"column":92}},"skip":true},"11":{"name":"(anonymous_11)","line":272,"loc":{"start":{"line":272,"column":51},"end":{"line":272,"column":77}},"skip":true},"12":{"name":"(anonymous_12)","line":315,"loc":{"start":{"line":315,"column":32},"end":{"line":315,"column":61}},"skip":true}},"statementMap":{"1":{"start":{"line":26,"column":0},"end":{"line":326,"column":5}},"2":{"start":{"line":28,"column":4},"end":{"line":28,"column":14}},"3":{"start":{"line":33,"column":4},"end":{"line":60,"column":9}},"4":{"start":{"line":35,"column":8},"end":{"line":35,"column":19}},"5":{"start":{"line":37,"column":8},"end":{"line":49,"column":13}},"6":{"start":{"line":38,"column":12},"end":{"line":48,"column":13}},"7":{"start":{"line":39,"column":16},"end":{"line":42,"column":30}},"8":{"start":{"line":44,"column":16},"end":{"line":47,"column":27}},"9":{"start":{"line":51,"column":8},"end":{"line":53,"column":21}},"10":{"start":{"line":55,"column":8},"end":{"line":57,"column":45}},"11":{"start":{"line":59,"column":8},"end":{"line":59,"column":35}},"12":{"start":{"line":61,"column":4},"end":{"line":325,"column":5}},"13":{"start":{"line":69,"column":8},"end":{"line":121,"column":10},"skip":true},"14":{"start":{"line":70,"column":12},"end":{"line":88,"column":13},"skip":true},"15":{"start":{"line":76,"column":16},"end":{"line":87,"column":19},"skip":true},"16":{"start":{"line":79,"column":20},"end":{"line":86,"column":21},"skip":true},"17":{"start":{"line":82,"column":24},"end":{"line":82,"column":43},"skip":true},"18":{"start":{"line":83,"column":24},"end":{"line":83,"column":30},"skip":true},"19":{"start":{"line":85,"column":24},"end":{"line":85,"column":49},"skip":true},"20":{"start":{"line":89,"column":12},"end":{"line":107,"column":13},"skip":true},"21":{"start":{"line":92,"column":16},"end":{"line":102,"column":17},"skip":true},"22":{"start":{"line":93,"column":20},"end":{"line":93,"column":86},"skip":true},"23":{"start":{"line":94,"column":20},"end":{"line":95,"column":45},"skip":true},"24":{"start":{"line":96,"column":20},"end":{"line":96,"column":42},"skip":true},"25":{"start":{"line":97,"column":20},"end":{"line":97,"column":48},"skip":true},"26":{"start":{"line":100,"column":20},"end":{"line":100,"column":85},"skip":true},"27":{"start":{"line":101,"column":20},"end":{"line":101,"column":96},"skip":true},"28":{"start":{"line":103,"column":16},"end":{"line":103,"column":22},"skip":true},"29":{"start":{"line":106,"column":16},"end":{"line":106,"column":22},"skip":true},"30":{"start":{"line":108,"column":12},"end":{"line":120,"column":13},"skip":true},"31":{"start":{"line":114,"column":16},"end":{"line":119,"column":17},"skip":true},"32":{"start":{"line":116,"column":20},"end":{"line":116,"column":78},"skip":true},"33":{"start":{"line":118,"column":20},"end":{"line":118,"column":47},"skip":true},"34":{"start":{"line":123,"column":8},"end":{"line":141,"column":11},"skip":true},"35":{"start":{"line":124,"column":12},"end":{"line":124,"column":54},"skip":true},"36":{"start":{"line":125,"column":12},"end":{"line":140,"column":14},"skip":true},"37":{"start":{"line":126,"column":16},"end":{"line":126,"column":28},"skip":true},"38":{"start":{"line":127,"column":16},"end":{"line":127,"column":69},"skip":true},"39":{"start":{"line":128,"column":16},"end":{"line":128,"column":75},"skip":true},"40":{"start":{"line":129,"column":16},"end":{"line":131,"column":17},"skip":true},"41":{"start":{"line":130,"column":20},"end":{"line":130,"column":27},"skip":true},"42":{"start":{"line":133,"column":16},"end":{"line":137,"column":36},"skip":true},"43":{"start":{"line":134,"column":20},"end":{"line":136,"column":55},"skip":true},"44":{"start":{"line":139,"column":16},"end":{"line":139,"column":57},"skip":true},"45":{"start":{"line":143,"column":8},"end":{"line":147,"column":11},"skip":true},"46":{"start":{"line":144,"column":12},"end":{"line":146,"column":15},"skip":true},"47":{"start":{"line":145,"column":16},"end":{"line":145,"column":70},"skip":true},"48":{"start":{"line":149,"column":8},"end":{"line":149,"column":31},"skip":true},"49":{"start":{"line":150,"column":8},"end":{"line":150,"column":14},"skip":true},"50":{"start":{"line":158,"column":8},"end":{"line":158,"column":31},"skip":true},"51":{"start":{"line":160,"column":8},"end":{"line":160,"column":33},"skip":true},"52":{"start":{"line":161,"column":8},"end":{"line":161,"column":37},"skip":true},"53":{"start":{"line":162,"column":8},"end":{"line":162,"column":35},"skip":true},"54":{"start":{"line":164,"column":8},"end":{"line":164,"column":50},"skip":true},"55":{"start":{"line":166,"column":8},"end":{"line":256,"column":2},"skip":true},"56":{"start":{"line":258,"column":8},"end":{"line":286,"column":9},"skip":true},"57":{"start":{"line":259,"column":12},"end":{"line":269,"column":14},"skip":true},"58":{"start":{"line":271,"column":12},"end":{"line":285,"column":19},"skip":true},"59":{"start":{"line":274,"column":20},"end":{"line":274,"column":35},"skip":true},"60":{"start":{"line":275,"column":20},"end":{"line":284,"column":21},"skip":true},"61":{"start":{"line":277,"column":24},"end":{"line":277,"column":64},"skip":true},"62":{"start":{"line":279,"column":24},"end":{"line":279,"column":40},"skip":true},"63":{"start":{"line":281,"column":24},"end":{"line":281,"column":40},"skip":true},"64":{"start":{"line":283,"column":24},"end":{"line":283,"column":39},"skip":true},"65":{"start":{"line":288,"column":8},"end":{"line":290,"column":9},"skip":true},"66":{"start":{"line":289,"column":12},"end":{"line":289,"column":18},"skip":true},"67":{"start":{"line":291,"column":8},"end":{"line":293,"column":54},"skip":true},"68":{"start":{"line":296,"column":8},"end":{"line":301,"column":37},"skip":true},"69":{"start":{"line":303,"column":8},"end":{"line":303,"column":82},"skip":true},"70":{"start":{"line":306,"column":8},"end":{"line":308,"column":9},"skip":true},"71":{"start":{"line":307,"column":12},"end":{"line":307,"column":82},"skip":true},"72":{"start":{"line":310,"column":8},"end":{"line":312,"column":9},"skip":true},"73":{"start":{"line":311,"column":12},"end":{"line":311,"column":18},"skip":true},"74":{"start":{"line":313,"column":8},"end":{"line":313,"column":54},"skip":true},"75":{"start":{"line":314,"column":8},"end":{"line":314,"column":69},"skip":true},"76":{"start":{"line":315,"column":8},"end":{"line":323,"column":36},"skip":true},"77":{"start":{"line":316,"column":12},"end":{"line":316,"column":61},"skip":true},"78":{"start":{"line":317,"column":12},"end":{"line":320,"column":13},"skip":true},"79":{"start":{"line":318,"column":16},"end":{"line":318,"column":75},"skip":true},"80":{"start":{"line":319,"column":16},"end":{"line":319,"column":23},"skip":true},"81":{"start":{"line":321,"column":12},"end":{"line":321,"column":38},"skip":true},"82":{"start":{"line":322,"column":12},"end":{"line":322,"column":27},"skip":true},"83":{"start":{"line":324,"column":8},"end":{"line":324,"column":14},"skip":true}},"branchMap":{"1":{"line":39,"type":"binary-expr","locations":[{"start":{"line":39,"column":23},"end":{"line":39,"column":62}},{"start":{"line":40,"column":20},"end":{"line":40,"column":70}},{"start":{"line":41,"column":20},"end":{"line":41,"column":71}},{"start":{"line":42,"column":20},"end":{"line":42,"column":29}}]},"2":{"line":44,"type":"binary-expr","locations":[{"start":{"line":44,"column":23},"end":{"line":44,"column":37}},{"start":{"line":45,"column":20},"end":{"line":45,"column":61}},{"start":{"line":46,"column":20},"end":{"line":46,"column":70}},{"start":{"line":47,"column":20},"end":{"line":47,"column":26}}]},"3":{"line":51,"type":"cond-expr","locations":[{"start":{"line":52,"column":14},"end":{"line":52,"column":20}},{"start":{"line":53,"column":14},"end":{"line":53,"column":20}}]},"4":{"line":55,"type":"binary-expr","locations":[{"start":{"line":55,"column":16},"end":{"line":55,"column":44}},{"start":{"line":55,"column":49},"end":{"line":57,"column":43}}]},"5":{"line":55,"type":"cond-expr","locations":[{"start":{"line":56,"column":14},"end":{"line":56,"column":57}},{"start":{"line":57,"column":14},"end":{"line":57,"column":43}}]},"6":{"line":61,"type":"switch","locations":[{"start":{"line":68,"column":4},"end":{"line":150,"column":14},"skip":true},{"start":{"line":156,"column":4},"end":{"line":324,"column":14},"skip":true}]},"7":{"line":70,"type":"if","locations":[{"start":{"line":70,"column":12},"end":{"line":70,"column":12},"skip":true},{"start":{"line":70,"column":12},"end":{"line":70,"column":12},"skip":true}]},"8":{"line":70,"type":"binary-expr","locations":[{"start":{"line":70,"column":16},"end":{"line":70,"column":22},"skip":true},{"start":{"line":70,"column":27},"end":{"line":70,"column":32},"skip":true},{"start":{"line":71,"column":20},"end":{"line":71,"column":39},"skip":true},{"start":{"line":72,"column":20},"end":{"line":72,"column":49},"skip":true},{"start":{"line":73,"column":20},"end":{"line":73,"column":58},"skip":true},{"start":{"line":74,"column":20},"end":{"line":74,"column":69},"skip":true}]},"9":{"line":79,"type":"switch","locations":[{"start":{"line":80,"column":20},"end":{"line":80,"column":33},"skip":true},{"start":{"line":81,"column":20},"end":{"line":83,"column":30},"skip":true},{"start":{"line":84,"column":20},"end":{"line":85,"column":49},"skip":true}]},"10":{"line":89,"type":"switch","locations":[{"start":{"line":90,"column":12},"end":{"line":103,"column":22},"skip":true},{"start":{"line":105,"column":12},"end":{"line":106,"column":22},"skip":true}]},"11":{"line":89,"type":"binary-expr","locations":[{"start":{"line":89,"column":20},"end":{"line":89,"column":25},"skip":true},{"start":{"line":89,"column":29},"end":{"line":89,"column":48},"skip":true},{"start":{"line":89,"column":52},"end":{"line":89,"column":74},"skip":true}]},"12":{"line":92,"type":"if","locations":[{"start":{"line":92,"column":16},"end":{"line":92,"column":16},"skip":true},{"start":{"line":92,"column":16},"end":{"line":92,"column":16},"skip":true}]},"13":{"line":108,"type":"if","locations":[{"start":{"line":108,"column":12},"end":{"line":108,"column":12},"skip":true},{"start":{"line":108,"column":12},"end":{"line":108,"column":12},"skip":true}]},"14":{"line":108,"type":"binary-expr","locations":[{"start":{"line":108,"column":16},"end":{"line":108,"column":61},"skip":true},{"start":{"line":108,"column":66},"end":{"line":108,"column":72},"skip":true},{"start":{"line":108,"column":77},"end":{"line":108,"column":82},"skip":true},{"start":{"line":109,"column":20},"end":{"line":109,"column":39},"skip":true},{"start":{"line":110,"column":20},"end":{"line":110,"column":49},"skip":true},{"start":{"line":111,"column":20},"end":{"line":111,"column":58},"skip":true},{"start":{"line":112,"column":20},"end":{"line":112,"column":68},"skip":true}]},"15":{"line":129,"type":"if","locations":[{"start":{"line":129,"column":16},"end":{"line":129,"column":16},"skip":true},{"start":{"line":129,"column":16},"end":{"line":129,"column":16},"skip":true}]},"16":{"line":134,"type":"cond-expr","locations":[{"start":{"line":135,"column":26},"end":{"line":135,"column":29},"skip":true},{"start":{"line":136,"column":26},"end":{"line":136,"column":54},"skip":true}]},"17":{"line":164,"type":"binary-expr","locations":[{"start":{"line":164,"column":27},"end":{"line":164,"column":43},"skip":true},{"start":{"line":164,"column":47},"end":{"line":164,"column":49},"skip":true}]},"18":{"line":258,"type":"if","locations":[{"start":{"line":258,"column":8},"end":{"line":258,"column":8},"skip":true},{"start":{"line":258,"column":8},"end":{"line":258,"column":8},"skip":true}]},"19":{"line":275,"type":"switch","locations":[{"start":{"line":276,"column":20},"end":{"line":277,"column":64},"skip":true},{"start":{"line":278,"column":20},"end":{"line":279,"column":40},"skip":true},{"start":{"line":280,"column":20},"end":{"line":281,"column":40},"skip":true},{"start":{"line":282,"column":20},"end":{"line":283,"column":39},"skip":true}]},"20":{"line":288,"type":"if","locations":[{"start":{"line":288,"column":8},"end":{"line":288,"column":8},"skip":true},{"start":{"line":288,"column":8},"end":{"line":288,"column":8},"skip":true}]},"21":{"line":288,"type":"binary-expr","locations":[{"start":{"line":288,"column":12},"end":{"line":288,"column":40},"skip":true},{"start":{"line":288,"column":44},"end":{"line":288,"column":67},"skip":true}]},"22":{"line":292,"type":"binary-expr","locations":[{"start":{"line":292,"column":12},"end":{"line":292,"column":50},"skip":true},{"start":{"line":293,"column":12},"end":{"line":293,"column":53},"skip":true}]},"23":{"line":297,"type":"binary-expr","locations":[{"start":{"line":297,"column":12},"end":{"line":297,"column":71},"skip":true},{"start":{"line":298,"column":12},"end":{"line":301,"column":36},"skip":true}]},"24":{"line":303,"type":"binary-expr","locations":[{"start":{"line":303,"column":43},"end":{"line":303,"column":75},"skip":true},{"start":{"line":303,"column":79},"end":{"line":303,"column":81},"skip":true}]},"25":{"line":306,"type":"if","locations":[{"start":{"line":306,"column":8},"end":{"line":306,"column":8},"skip":true},{"start":{"line":306,"column":8},"end":{"line":306,"column":8},"skip":true}]},"26":{"line":310,"type":"if","locations":[{"start":{"line":310,"column":8},"end":{"line":310,"column":8},"skip":true},{"start":{"line":310,"column":8},"end":{"line":310,"column":8},"skip":true}]},"27":{"line":313,"type":"binary-expr","locations":[{"start":{"line":313,"column":27},"end":{"line":313,"column":43},"skip":true},{"start":{"line":313,"column":47},"end":{"line":313,"column":53},"skip":true}]},"28":{"line":317,"type":"if","locations":[{"start":{"line":317,"column":12},"end":{"line":317,"column":12},"skip":true},{"start":{"line":317,"column":12},"end":{"line":317,"column":12},"skip":true}]}},"code":["/*","example.js","","quickstart example","","instruction","    1. save this script as example.js","    2. run the shell command:","        $ npm install npmtest-redux-persist && PORT=8081 node example.js","    3. play with the browser-demo on http://127.0.0.1:8081","*/","","","","/* istanbul instrument in package npmtest_redux_persist */","/*jslint","    bitwise: true,","    browser: true,","    maxerr: 8,","    maxlen: 96,","    node: true,","    nomen: true,","    regexp: true,","    stupid: true","*/","(function () {","    'use strict';","    var local;","","","","    // run shared js-env code - pre-init","    (function () {","        // init local","        local = {};","        // init modeJs","        local.modeJs = (function () {","            try {","                return typeof navigator.userAgent === 'string' &&","                    typeof document.querySelector('body') === 'object' &&","                    typeof XMLHttpRequest.prototype.open === 'function' &&","                    'browser';","            } catch (errorCaughtBrowser) {","                return module.exports &&","                    typeof process.versions.node === 'string' &&","                    typeof require('http').createServer === 'function' &&","                    'node';","            }","        }());","        // init global","        local.global = local.modeJs === 'browser'","            ? window","            : global;","        // init utility2_rollup","        local = local.global.utility2_rollup || (local.modeJs === 'browser'","            ? local.global.utility2_npmtest_redux_persist","            : global.utility2_moduleExports);","        // export local","        local.global.local = local;","    }());","    switch (local.modeJs) {","","","","    // post-init","    // run browser js-env code - post-init","    /* istanbul ignore next */","    case 'browser':","        local.testRunBrowser = function (event) {","            if (!event || (event &&","                    event.currentTarget &&","                    event.currentTarget.className &&","                    event.currentTarget.className.includes &&","                    event.currentTarget.className.includes('onreset'))) {","                // reset output","                Array.from(","                    document.querySelectorAll('body > .resettable')","                ).forEach(function (element) {","                    switch (element.tagName) {","                    case 'INPUT':","                    case 'TEXTAREA':","                        element.value = '';","                        break;","                    default:","                        element.textContent = '';","                    }","                });","            }","            switch (event && event.currentTarget && event.currentTarget.id) {","            case 'testRunButton1':","                // show tests","                if (document.querySelector('#testReportDiv1').style.display === 'none') {","                    document.querySelector('#testReportDiv1').style.display = 'block';","                    document.querySelector('#testRunButton1').textContent =","                        'hide internal test';","                    local.modeTest = true;","                    local.testRunDefault(local);","                // hide tests","                } else {","                    document.querySelector('#testReportDiv1').style.display = 'none';","                    document.querySelector('#testRunButton1').textContent = 'run internal test';","                }","                break;","            // custom-case","            default:","                break;","            }","            if (document.querySelector('#inputTextareaEval1') && (!event || (event &&","                    event.currentTarget &&","                    event.currentTarget.className &&","                    event.currentTarget.className.includes &&","                    event.currentTarget.className.includes('oneval')))) {","                // try to eval input-code","                try {","                    /*jslint evil: true*/","                    eval(document.querySelector('#inputTextareaEval1').value);","                } catch (errorCaught) {","                    console.error(errorCaught);","                }","            }","        };","        // log stderr and stdout to #outputTextareaStdout1","        ['error', 'log'].forEach(function (key) {","            console[key + '_original'] = console[key];","            console[key] = function () {","                var element;","                console[key + '_original'].apply(console, arguments);","                element = document.querySelector('#outputTextareaStdout1');","                if (!element) {","                    return;","                }","                // append text to #outputTextareaStdout1","                element.value += Array.from(arguments).map(function (arg) {","                    return typeof arg === 'string'","                        ? arg","                        : JSON.stringify(arg, null, 4);","                }).join(' ') + '\\n';","                // scroll textarea to bottom","                element.scrollTop = element.scrollHeight;","            };","        });","        // init event-handling","        ['change', 'click', 'keyup'].forEach(function (event) {","            Array.from(document.querySelectorAll('.on' + event)).forEach(function (element) {","                element.addEventListener(event, local.testRunBrowser);","            });","        });","        // run tests","        local.testRunBrowser();","        break;","","","","    // run node js-env code - post-init","    /* istanbul ignore next */","    case 'node':","        // export local","        module.exports = local;","        // require modules","        local.fs = require('fs');","        local.http = require('http');","        local.url = require('url');","        // init assets","        local.assetsDict = local.assetsDict || {};","        /* jslint-ignore-begin */","        local.assetsDict['/assets.index.template.html'] = '\\","<!doctype html>\\n\\","<html lang=\"en\">\\n\\","<head>\\n\\","<meta charset=\"UTF-8\">\\n\\","<meta name=\"viewport\" content=\"width=device-width, initial-scale=1\">\\n\\","<title>{{env.npm_package_name}} (v{{env.npm_package_version}})</title>\\n\\","<style>\\n\\","/*csslint\\n\\","    box-sizing: false,\\n\\","    universal-selector: false\\n\\","*/\\n\\","* {\\n\\","    box-sizing: border-box;\\n\\","}\\n\\","body {\\n\\","    background: #dde;\\n\\","    font-family: Arial, Helvetica, sans-serif;\\n\\","    margin: 2rem;\\n\\","}\\n\\","body > * {\\n\\","    margin-bottom: 1rem;\\n\\","}\\n\\",".utility2FooterDiv {\\n\\","    margin-top: 20px;\\n\\","    text-align: center;\\n\\","}\\n\\","</style>\\n\\","<style>\\n\\","/*csslint\\n\\","*/\\n\\","textarea {\\n\\","    font-family: monospace;\\n\\","    height: 10rem;\\n\\","    width: 100%;\\n\\","}\\n\\","textarea[readonly] {\\n\\","    background: #ddd;\\n\\","}\\n\\","</style>\\n\\","</head>\\n\\","<body>\\n\\","<!-- utility2-comment\\n\\","<div id=\"ajaxProgressDiv1\" style=\"background: #d00; height: 2px; left: 0; margin: 0; padding: 0; position: fixed; top: 0; transition: background 0.5s, width 1.5s; width: 25%;\"></div>\\n\\","utility2-comment -->\\n\\","<h1>\\n\\","<!-- utility2-comment\\n\\","    <a\\n\\","        {{#if env.npm_package_homepage}}\\n\\","        href=\"{{env.npm_package_homepage}}\"\\n\\","        {{/if env.npm_package_homepage}}\\n\\","        target=\"_blank\"\\n\\","    >\\n\\","utility2-comment -->\\n\\","        {{env.npm_package_name}} (v{{env.npm_package_version}})\\n\\","<!-- utility2-comment\\n\\","    </a>\\n\\","utility2-comment -->\\n\\","</h1>\\n\\","<h3>{{env.npm_package_description}}</h3>\\n\\","<!-- utility2-comment\\n\\","<h4><a download href=\"assets.app.js\">download standalone app</a></h4>\\n\\","<button class=\"onclick onreset\" id=\"testRunButton1\">run internal test</button><br>\\n\\","<div id=\"testReportDiv1\" style=\"display: none;\"></div>\\n\\","utility2-comment -->\\n\\","\\n\\","\\n\\","\\n\\","<label>stderr and stdout</label>\\n\\","<textarea class=\"resettable\" id=\"outputTextareaStdout1\" readonly></textarea>\\n\\","<!-- utility2-comment\\n\\","{{#if isRollup}}\\n\\","<script src=\"assets.app.js\"></script>\\n\\","{{#unless isRollup}}\\n\\","utility2-comment -->\\n\\","<script src=\"assets.utility2.rollup.js\"></script>\\n\\","<script src=\"jsonp.utility2._stateInit?callback=window.utility2._stateInit\"></script>\\n\\","<script src=\"assets.npmtest_redux_persist.rollup.js\"></script>\\n\\","<script src=\"assets.example.js\"></script>\\n\\","<script src=\"assets.test.js\"></script>\\n\\","<!-- utility2-comment\\n\\","{{/if isRollup}}\\n\\","utility2-comment -->\\n\\","<div class=\"utility2FooterDiv\">\\n\\","    [ this app was created with\\n\\","    <a href=\"https://github.com/kaizhu256/node-utility2\" target=\"_blank\">utility2</a>\\n\\","    ]\\n\\","</div>\\n\\","</body>\\n\\","</html>\\n\\","';","        /* jslint-ignore-end */","        if (local.templateRender) {","            local.assetsDict['/'] = local.templateRender(","                local.assetsDict['/assets.index.template.html'],","                {","                    env: local.objectSetDefault(local.env, {","                        npm_package_description: 'the greatest app in the world!',","                        npm_package_name: 'my-app',","                        npm_package_nameAlias: 'my_app',","                        npm_package_version: '0.0.1'","                    })","                }","            );","        } else {","            local.assetsDict['/'] = local.assetsDict['/assets.index.template.html']","                .replace((/\\{\\{env\\.(\\w+?)\\}\\}/g), function (match0, match1) {","                    // jslint-hack","                    String(match0);","                    switch (match1) {","                    case 'npm_package_description':","                        return 'the greatest app in the world!';","                    case 'npm_package_name':","                        return 'my-app';","                    case 'npm_package_nameAlias':","                        return 'my_app';","                    case 'npm_package_version':","                        return '0.0.1';","                    }","                });","        }","        // run the cli","        if (local.global.utility2_rollup || module !== require.main) {","            break;","        }","        local.assetsDict['/assets.example.js'] =","            local.assetsDict['/assets.example.js'] ||","            local.fs.readFileSync(__filename, 'utf8');","        // bug-workaround - long $npm_package_buildCustomOrg","        /* jslint-ignore-begin */","        local.assetsDict['/assets.npmtest_redux_persist.rollup.js'] =","            local.assetsDict['/assets.npmtest_redux_persist.rollup.js'] ||","            local.fs.readFileSync(","                local.npmtest_redux_persist.__dirname + '/lib.npmtest_redux_persist.js',","                'utf8'","            ).replace((/^#!/), '//');","        /* jslint-ignore-end */","        local.assetsDict['/favicon.ico'] = local.assetsDict['/favicon.ico'] || '';","        // if $npm_config_timeout_exit exists,","        // then exit this process after $npm_config_timeout_exit ms","        if (Number(process.env.npm_config_timeout_exit)) {","            setTimeout(process.exit, Number(process.env.npm_config_timeout_exit));","        }","        // start server","        if (local.global.utility2_serverHttp1) {","            break;","        }","        process.env.PORT = process.env.PORT || '8081';","        console.error('server starting on port ' + process.env.PORT);","        local.http.createServer(function (request, response) {","            request.urlParsed = local.url.parse(request.url);","            if (local.assetsDict[request.urlParsed.pathname] !== undefined) {","                response.end(local.assetsDict[request.urlParsed.pathname]);","                return;","            }","            response.statusCode = 404;","            response.end();","        }).listen(process.env.PORT);","        break;","    }","}());",""],"l":{"26":2,"28":2,"33":2,"35":2,"37":2,"38":2,"39":2,"44":1,"51":2,"55":2,"59":2,"61":2,"69":1,"70":2,"76":2,"79":2,"82":2,"83":2,"85":1,"89":2,"92":1,"93":1,"94":1,"96":1,"97":1,"100":1,"101":1,"103":1,"106":1,"108":2,"114":1,"116":1,"118":1,"123":1,"124":2,"125":2,"126":3,"127":3,"128":3,"129":3,"130":1,"133":3,"134":3,"139":3,"143":1,"144":3,"145":1,"149":1,"150":1,"158":1,"160":1,"161":1,"162":1,"164":1,"166":1,"258":1,"259":1,"271":1,"274":6,"275":6,"277":1,"279":2,"281":1,"283":2,"288":1,"289":1,"291":1,"296":1,"303":1,"306":1,"307":1,"310":1,"311":1,"313":1,"314":1,"315":1,"316":1,"317":1,"318":1,"319":1,"321":1,"322":1,"324":1}},"/home/travis/build/npmtest/node-npmtest-redux-persist/node_modules/redux-persist/lib/index.js":{"path":"/home/travis/build/npmtest/node-npmtest-redux-persist/node_modules/redux-persist/lib/index.js","s":{"1":1,"2":1,"3":1,"4":1,"5":1,"6":1,"7":1,"8":1,"9":1,"10":1,"11":1,"12":1,"13":1,"14":1,"15":1,"16":6,"17":1,"18":0,"19":0,"20":0,"21":0,"22":0,"23":0,"24":0,"25":1,"26":1,"27":1,"28":1,"29":1,"30":1,"31":1,"32":1,"33":1},"b":{"1":[6,0],"2":[6,6],"3":[0,0],"4":[0,0],"5":[0,0]},"f":{"1":6,"2":0},"fnMap":{"1":{"name":"_interopRequireDefault","line":32,"loc":{"start":{"line":32,"column":0},"end":{"line":32,"column":37}}},"2":{"name":"deprecated","line":35,"loc":{"start":{"line":35,"column":17},"end":{"line":35,"column":51}}}},"statementMap":{"1":{"start":{"line":3,"column":0},"end":{"line":5,"column":3}},"2":{"start":{"line":6,"column":0},"end":{"line":6,"column":180}},"3":{"start":{"line":8,"column":0},"end":{"line":8,"column":48}},"4":{"start":{"line":10,"column":0},"end":{"line":10,"column":61}},"5":{"start":{"line":12,"column":0},"end":{"line":12,"column":52}},"6":{"start":{"line":14,"column":0},"end":{"line":14,"column":65}},"7":{"start":{"line":16,"column":0},"end":{"line":16,"column":52}},"8":{"start":{"line":18,"column":0},"end":{"line":18,"column":65}},"9":{"start":{"line":20,"column":0},"end":{"line":20,"column":50}},"10":{"start":{"line":22,"column":0},"end":{"line":22,"column":63}},"11":{"start":{"line":24,"column":0},"end":{"line":24,"column":46}},"12":{"start":{"line":26,"column":0},"end":{"line":26,"column":59}},"13":{"start":{"line":28,"column":0},"end":{"line":28,"column":54}},"14":{"start":{"line":30,"column":0},"end":{"line":30,"column":67}},"15":{"start":{"line":32,"column":0},"end":{"line":32,"column":95}},"16":{"start":{"line":32,"column":39},"end":{"line":32,"column":93}},"17":{"start":{"line":35,"column":0},"end":{"line":40,"column":2}},"18":{"start":{"line":36,"column":2},"end":{"line":36,"column":159}},"19":{"start":{"line":37,"column":2},"end":{"line":37,"column":37}},"20":{"start":{"line":37,"column":32},"end":{"line":37,"column":37}},"21":{"start":{"line":38,"column":2},"end":{"line":38,"column":39}},"22":{"start":{"line":38,"column":33},"end":{"line":38,"column":39}},"23":{"start":{"line":39,"column":2},"end":{"line":39,"column":39}},"24":{"start":{"line":39,"column":33},"end":{"line":39,"column":39}},"25":{"start":{"line":41,"column":0},"end":{"line":41,"column":117}},"26":{"start":{"line":42,"column":0},"end":{"line":45,"column":2}},"27":{"start":{"line":47,"column":0},"end":{"line":47,"column":48}},"28":{"start":{"line":48,"column":0},"end":{"line":48,"column":52}},"29":{"start":{"line":49,"column":0},"end":{"line":49,"column":52}},"30":{"start":{"line":50,"column":0},"end":{"line":50,"column":50}},"31":{"start":{"line":51,"column":0},"end":{"line":51,"column":46}},"32":{"start":{"line":52,"column":0},"end":{"line":52,"column":54}},"33":{"start":{"line":53,"column":0},"end":{"line":53,"column":28}}},"branchMap":{"1":{"line":32,"type":"cond-expr","locations":[{"start":{"line":32,"column":70},"end":{"line":32,"column":73}},{"start":{"line":32,"column":76},"end":{"line":32,"column":92}}]},"2":{"line":32,"type":"binary-expr","locations":[{"start":{"line":32,"column":46},"end":{"line":32,"column":49}},{"start":{"line":32,"column":53},"end":{"line":32,"column":67}}]},"3":{"line":37,"type":"if","locations":[{"start":{"line":37,"column":2},"end":{"line":37,"column":2}},{"start":{"line":37,"column":2},"end":{"line":37,"column":2}}]},"4":{"line":38,"type":"if","locations":[{"start":{"line":38,"column":2},"end":{"line":38,"column":2}},{"start":{"line":38,"column":2},"end":{"line":38,"column":2}}]},"5":{"line":39,"type":"if","locations":[{"start":{"line":39,"column":2},"end":{"line":39,"column":2}},{"start":{"line":39,"column":2},"end":{"line":39,"column":2}}]}},"code":["'use strict';","","Object.defineProperty(exports, \"__esModule\", {","  value: true","});","exports.storages = exports.purgeStoredState = exports.persistStore = exports.getStoredState = exports.createTransform = exports.createPersistor = exports.autoRehydrate = undefined;","","var _autoRehydrate = require('./autoRehydrate');","","var _autoRehydrate2 = _interopRequireDefault(_autoRehydrate);","","var _createPersistor = require('./createPersistor');","","var _createPersistor2 = _interopRequireDefault(_createPersistor);","","var _createTransform = require('./createTransform');","","var _createTransform2 = _interopRequireDefault(_createTransform);","","var _getStoredState = require('./getStoredState');","","var _getStoredState2 = _interopRequireDefault(_getStoredState);","","var _persistStore = require('./persistStore');","","var _persistStore2 = _interopRequireDefault(_persistStore);","","var _purgeStoredState = require('./purgeStoredState');","","var _purgeStoredState2 = _interopRequireDefault(_purgeStoredState);","","function _interopRequireDefault(obj) { return obj && obj.__esModule ? obj : { default: obj }; }","","// @TODO remove in v5","var deprecated = function deprecated(cb, cb2, cb3) {","  console.error('redux-persist: this method of importing storages has been removed. instead use `import { asyncLocalStorage } from \"redux-persist/storages\"`');","  if (typeof cb === 'function') cb();","  if (typeof cb2 === 'function') cb2();","  if (typeof cb3 === 'function') cb3();","};","var deprecatedStorage = { getAllKeys: deprecated, getItem: deprecated, setItem: deprecated, removeItem: deprecated };","var storages = {","  asyncLocalStorage: deprecatedStorage,","  asyncSessionStorage: deprecatedStorage","};","","exports.autoRehydrate = _autoRehydrate2.default;","exports.createPersistor = _createPersistor2.default;","exports.createTransform = _createTransform2.default;","exports.getStoredState = _getStoredState2.default;","exports.persistStore = _persistStore2.default;","exports.purgeStoredState = _purgeStoredState2.default;","exports.storages = storages;"],"l":{"3":1,"6":1,"8":1,"10":1,"12":1,"14":1,"16":1,"18":1,"20":1,"22":1,"24":1,"26":1,"28":1,"30":1,"32":6,"35":1,"36":0,"37":0,"38":0,"39":0,"41":1,"42":1,"47":1,"48":1,"49":1,"50":1,"51":1,"52":1,"53":1}},"/home/travis/build/npmtest/node-npmtest-redux-persist/node_modules/redux-persist/lib/autoRehydrate.js":{"path":"/home/travis/build/npmtest/node-npmtest-redux-persist/node_modules/redux-persist/lib/autoRehydrate.js","s":{"1":1,"2":1,"3":0,"4":0,"5":1,"6":0,"7":0,"8":0,"9":0,"10":0,"11":0,"12":1,"13":1,"14":1,"15":1,"16":1,"17":1,"18":1,"19":0,"20":0,"21":0,"22":0,"23":0,"24":0,"25":0,"26":1,"27":0,"28":0,"29":0,"30":0,"31":0,"32":0,"33":0,"34":0,"35":0,"36":0,"37":0,"38":0,"39":0,"40":1,"41":0,"42":0,"43":0,"44":1,"45":0,"46":0,"47":0,"48":0,"49":0,"50":0,"51":0,"52":0,"53":0,"54":0,"55":0,"56":0,"57":0,"58":0,"59":0,"60":0,"61":0,"62":0,"63":0},"b":{"1":[1,0],"2":[1,1],"3":[0,0],"4":[0,0,0,0],"5":[1,0],"6":[0,0],"7":[1,0],"8":[1,1],"9":[0,0],"10":[0,0],"11":[0,0],"12":[0,0],"13":[0,0],"14":[0,0],"15":[0,0],"16":[0,0],"17":[0,0],"18":[0,0],"19":[0,0],"20":[0,0],"21":[0,0],"22":[0,0],"23":[0,0],"24":[0,0],"25":[0,0],"26":[0,0]},"f":{"1":0,"2":0,"3":0,"4":1,"5":0,"6":0,"7":0,"8":0,"9":0,"10":0,"11":0,"12":0,"13":0},"fnMap":{"1":{"name":"(anonymous_1)","line":7,"loc":{"start":{"line":7,"column":84},"end":{"line":7,"column":99}}},"2":{"name":"(anonymous_2)","line":7,"loc":{"start":{"line":7,"column":124},"end":{"line":7,"column":139}}},"3":{"name":"(anonymous_3)","line":9,"loc":{"start":{"line":9,"column":32},"end":{"line":9,"column":50}}},"4":{"name":"_interopRequireDefault","line":19,"loc":{"start":{"line":19,"column":0},"end":{"line":19,"column":37}}},"5":{"name":"autoRehydrate","line":21,"loc":{"start":{"line":21,"column":0},"end":{"line":21,"column":25}}},"6":{"name":"(anonymous_6)","line":26,"loc":{"start":{"line":26,"column":9},"end":{"line":26,"column":25}}},"7":{"name":"(anonymous_7)","line":27,"loc":{"start":{"line":27,"column":11},"end":{"line":27,"column":54}}},"8":{"name":"replaceReducer","line":30,"loc":{"start":{"line":30,"column":24},"end":{"line":30,"column":57}}},"9":{"name":"liftReducer","line":37,"loc":{"start":{"line":37,"column":2},"end":{"line":37,"column":32}}},"10":{"name":"(anonymous_10)","line":40,"loc":{"start":{"line":40,"column":11},"end":{"line":40,"column":36}}},"11":{"name":"logPreRehydrate","line":57,"loc":{"start":{"line":57,"column":0},"end":{"line":57,"column":46}}},"12":{"name":"defaultStateReconciler","line":64,"loc":{"start":{"line":64,"column":0},"end":{"line":64,"column":72}}},"13":{"name":"(anonymous_13)","line":67,"loc":{"start":{"line":67,"column":36},"end":{"line":67,"column":51}}}},"statementMap":{"1":{"start":{"line":3,"column":0},"end":{"line":5,"column":3}},"2":{"start":{"line":7,"column":0},"end":{"line":7,"column":269}},"3":{"start":{"line":7,"column":101},"end":{"line":7,"column":119}},"4":{"start":{"line":7,"column":141},"end":{"line":7,"column":266}},"5":{"start":{"line":9,"column":0},"end":{"line":9,"column":257}},"6":{"start":{"line":9,"column":52},"end":{"line":9,"column":239}},"7":{"start":{"line":9,"column":97},"end":{"line":9,"column":123}},"8":{"start":{"line":9,"column":124},"end":{"line":9,"column":237}},"9":{"start":{"line":9,"column":150},"end":{"line":9,"column":235}},"10":{"start":{"line":9,"column":207},"end":{"line":9,"column":233}},"11":{"start":{"line":9,"column":240},"end":{"line":9,"column":254}},"12":{"start":{"line":11,"column":0},"end":{"line":11,"column":32}},"13":{"start":{"line":13,"column":0},"end":{"line":13,"column":40}},"14":{"start":{"line":15,"column":0},"end":{"line":15,"column":64}},"15":{"start":{"line":17,"column":0},"end":{"line":17,"column":71}},"16":{"start":{"line":19,"column":0},"end":{"line":19,"column":95}},"17":{"start":{"line":19,"column":39},"end":{"line":19,"column":93}},"18":{"start":{"line":21,"column":0},"end":{"line":55,"column":1}},"19":{"start":{"line":22,"column":2},"end":{"line":22,"column":86}},"20":{"start":{"line":24,"column":2},"end":{"line":24,"column":73}},"21":{"start":{"line":26,"column":2},"end":{"line":35,"column":4}},"22":{"start":{"line":27,"column":4},"end":{"line":34,"column":6}},"23":{"start":{"line":28,"column":6},"end":{"line":28,"column":69}},"24":{"start":{"line":29,"column":6},"end":{"line":33,"column":9}},"25":{"start":{"line":31,"column":10},"end":{"line":31,"column":60}},"26":{"start":{"line":37,"column":2},"end":{"line":54,"column":3}},"27":{"start":{"line":38,"column":4},"end":{"line":38,"column":27}},"28":{"start":{"line":39,"column":4},"end":{"line":39,"column":33}},"29":{"start":{"line":40,"column":4},"end":{"line":53,"column":6}},"30":{"start":{"line":41,"column":6},"end":{"line":52,"column":7}},"31":{"start":{"line":42,"column":8},"end":{"line":42,"column":72}},"32":{"start":{"line":42,"column":39},"end":{"line":42,"column":72}},"33":{"start":{"line":43,"column":8},"end":{"line":43,"column":38}},"34":{"start":{"line":45,"column":8},"end":{"line":45,"column":76}},"35":{"start":{"line":45,"column":39},"end":{"line":45,"column":76}},"36":{"start":{"line":46,"column":8},"end":{"line":46,"column":26}},"37":{"start":{"line":48,"column":8},"end":{"line":48,"column":42}},"38":{"start":{"line":49,"column":8},"end":{"line":49,"column":50}},"39":{"start":{"line":51,"column":8},"end":{"line":51,"column":78}},"40":{"start":{"line":57,"column":0},"end":{"line":62,"column":1}},"41":{"start":{"line":58,"column":2},"end":{"line":58,"column":54}},"42":{"start":{"line":59,"column":2},"end":{"line":61,"column":3}},"43":{"start":{"line":60,"column":4},"end":{"line":60,"column":335}},"44":{"start":{"line":64,"column":0},"end":{"line":91,"column":1}},"45":{"start":{"line":65,"column":2},"end":{"line":65,"column":44}},"46":{"start":{"line":67,"column":2},"end":{"line":89,"column":5}},"47":{"start":{"line":69,"column":4},"end":{"line":69,"column":43}},"48":{"start":{"line":69,"column":36},"end":{"line":69,"column":43}},"49":{"start":{"line":72,"column":4},"end":{"line":75,"column":5}},"50":{"start":{"line":73,"column":6},"end":{"line":73,"column":152}},"51":{"start":{"line":73,"column":15},"end":{"line":73,"column":152}},"52":{"start":{"line":74,"column":6},"end":{"line":74,"column":13}},"53":{"start":{"line":78,"column":4},"end":{"line":82,"column":5}},"54":{"start":{"line":79,"column":6},"end":{"line":79,"column":121}},"55":{"start":{"line":79,"column":15},"end":{"line":79,"column":121}},"56":{"start":{"line":80,"column":6},"end":{"line":80,"column":40}},"57":{"start":{"line":81,"column":6},"end":{"line":81,"column":13}},"58":{"start":{"line":85,"column":4},"end":{"line":86,"column":43}},"59":{"start":{"line":85,"column":111},"end":{"line":85,"column":171}},"60":{"start":{"line":86,"column":9},"end":{"line":86,"column":43}},"61":{"start":{"line":88,"column":4},"end":{"line":88,"column":102}},"62":{"start":{"line":88,"column":13},"end":{"line":88,"column":102}},"63":{"start":{"line":90,"column":2},"end":{"line":90,"column":18}}},"branchMap":{"1":{"line":7,"type":"cond-expr","locations":[{"start":{"line":7,"column":84},"end":{"line":7,"column":121}},{"start":{"line":7,"column":124},"end":{"line":7,"column":268}}]},"2":{"line":7,"type":"binary-expr","locations":[{"start":{"line":7,"column":14},"end":{"line":7,"column":42}},{"start":{"line":7,"column":46},"end":{"line":7,"column":81}}]},"3":{"line":7,"type":"cond-expr","locations":[{"start":{"line":7,"column":244},"end":{"line":7,"column":252}},{"start":{"line":7,"column":255},"end":{"line":7,"column":265}}]},"4":{"line":7,"type":"binary-expr","locations":[{"start":{"line":7,"column":148},"end":{"line":7,"column":151}},{"start":{"line":7,"column":155},"end":{"line":7,"column":183}},{"start":{"line":7,"column":187},"end":{"line":7,"column":213}},{"start":{"line":7,"column":217},"end":{"line":7,"column":241}}]},"5":{"line":9,"type":"binary-expr","locations":[{"start":{"line":9,"column":15},"end":{"line":9,"column":28}},{"start":{"line":9,"column":32},"end":{"line":9,"column":256}}]},"6":{"line":9,"type":"if","locations":[{"start":{"line":9,"column":150},"end":{"line":9,"column":150}},{"start":{"line":9,"column":150},"end":{"line":9,"column":150}}]},"7":{"line":19,"type":"cond-expr","locations":[{"start":{"line":19,"column":70},"end":{"line":19,"column":73}},{"start":{"line":19,"column":76},"end":{"line":19,"column":92}}]},"8":{"line":19,"type":"binary-expr","locations":[{"start":{"line":19,"column":46},"end":{"line":19,"column":49}},{"start":{"line":19,"column":53},"end":{"line":19,"column":67}}]},"9":{"line":22,"type":"cond-expr","locations":[{"start":{"line":22,"column":68},"end":{"line":22,"column":80}},{"start":{"line":22,"column":83},"end":{"line":22,"column":85}}]},"10":{"line":22,"type":"binary-expr","locations":[{"start":{"line":22,"column":15},"end":{"line":22,"column":35}},{"start":{"line":22,"column":39},"end":{"line":22,"column":65}}]},"11":{"line":24,"type":"binary-expr","locations":[{"start":{"line":24,"column":24},"end":{"line":24,"column":46}},{"start":{"line":24,"column":50},"end":{"line":24,"column":72}}]},"12":{"line":41,"type":"if","locations":[{"start":{"line":41,"column":6},"end":{"line":41,"column":6}},{"start":{"line":41,"column":6},"end":{"line":41,"column":6}}]},"13":{"line":42,"type":"if","locations":[{"start":{"line":42,"column":8},"end":{"line":42,"column":8}},{"start":{"line":42,"column":8},"end":{"line":42,"column":8}}]},"14":{"line":42,"type":"binary-expr","locations":[{"start":{"line":42,"column":12},"end":{"line":42,"column":22}},{"start":{"line":42,"column":26},"end":{"line":42,"column":37}}]},"15":{"line":45,"type":"if","locations":[{"start":{"line":45,"column":8},"end":{"line":45,"column":8}},{"start":{"line":45,"column":8},"end":{"line":45,"column":8}}]},"16":{"line":45,"type":"binary-expr","locations":[{"start":{"line":45,"column":12},"end":{"line":45,"column":22}},{"start":{"line":45,"column":26},"end":{"line":45,"column":37}}]},"17":{"line":59,"type":"if","locations":[{"start":{"line":59,"column":2},"end":{"line":59,"column":2}},{"start":{"line":59,"column":2},"end":{"line":59,"column":2}}]},"18":{"line":69,"type":"if","locations":[{"start":{"line":69,"column":4},"end":{"line":69,"column":4}},{"start":{"line":69,"column":4},"end":{"line":69,"column":4}}]},"19":{"line":72,"type":"if","locations":[{"start":{"line":72,"column":4},"end":{"line":72,"column":4}},{"start":{"line":72,"column":4},"end":{"line":72,"column":4}}]},"20":{"line":72,"type":"binary-expr","locations":[{"start":{"line":72,"column":8},"end":{"line":72,"column":40}},{"start":{"line":72,"column":44},"end":{"line":72,"column":62}}]},"21":{"line":73,"type":"if","locations":[{"start":{"line":73,"column":6},"end":{"line":73,"column":6}},{"start":{"line":73,"column":6},"end":{"line":73,"column":6}}]},"22":{"line":78,"type":"if","locations":[{"start":{"line":78,"column":4},"end":{"line":78,"column":4}},{"start":{"line":78,"column":4},"end":{"line":78,"column":4}}]},"23":{"line":79,"type":"if","locations":[{"start":{"line":79,"column":6},"end":{"line":79,"column":6}},{"start":{"line":79,"column":6},"end":{"line":79,"column":6}}]},"24":{"line":85,"type":"if","locations":[{"start":{"line":85,"column":4},"end":{"line":85,"column":4}},{"start":{"line":85,"column":4},"end":{"line":85,"column":4}}]},"25":{"line":85,"type":"binary-expr","locations":[{"start":{"line":85,"column":8},"end":{"line":85,"column":60}},{"start":{"line":85,"column":64},"end":{"line":85,"column":109}}]},"26":{"line":88,"type":"if","locations":[{"start":{"line":88,"column":4},"end":{"line":88,"column":4}},{"start":{"line":88,"column":4},"end":{"line":88,"column":4}}]}},"code":["'use strict';","","Object.defineProperty(exports, \"__esModule\", {","  value: true","});","","var _typeof = typeof Symbol === \"function\" && typeof Symbol.iterator === \"symbol\" ? function (obj) { return typeof obj; } : function (obj) { return obj && typeof Symbol === \"function\" && obj.constructor === Symbol && obj !== Symbol.prototype ? \"symbol\" : typeof obj; };","","var _extends = Object.assign || function (target) { for (var i = 1; i < arguments.length; i++) { var source = arguments[i]; for (var key in source) { if (Object.prototype.hasOwnProperty.call(source, key)) { target[key] = source[key]; } } } return target; };","","exports.default = autoRehydrate;","","var _constants = require('./constants');","","var _isStatePlainEnough = require('./utils/isStatePlainEnough');","","var _isStatePlainEnough2 = _interopRequireDefault(_isStatePlainEnough);","","function _interopRequireDefault(obj) { return obj && obj.__esModule ? obj : { default: obj }; }","","function autoRehydrate() {","  var config = arguments.length > 0 && arguments[0] !== undefined ? arguments[0] : {};","","  var stateReconciler = config.stateReconciler || defaultStateReconciler;","","  return function (next) {","    return function (reducer, initialState, enhancer) {","      var store = next(liftReducer(reducer), initialState, enhancer);","      return _extends({}, store, {","        replaceReducer: function replaceReducer(reducer) {","          return store.replaceReducer(liftReducer(reducer));","        }","      });","    };","  };","","  function liftReducer(reducer) {","    var rehydrated = false;","    var preRehydrateActions = [];","    return function (state, action) {","      if (action.type !== _constants.REHYDRATE) {","        if (config.log && !rehydrated) preRehydrateActions.push(action); // store pre-rehydrate actions for debugging","        return reducer(state, action);","      } else {","        if (config.log && !rehydrated) logPreRehydrate(preRehydrateActions);","        rehydrated = true;","","        var inboundState = action.payload;","        var reducedState = reducer(state, action);","","        return stateReconciler(state, inboundState, reducedState, config.log);","      }","    };","  }","}","","function logPreRehydrate(preRehydrateActions) {","  var concernedActions = preRehydrateActions.slice(1);","  if (concernedActions.length > 0) {","    console.log('\\n      redux-persist/autoRehydrate: %d actions were fired before rehydration completed. This can be a symptom of a race\\n      condition where the rehydrate action may overwrite the previously affected state. Consider running these actions\\n      after rehydration:\\n    ', concernedActions.length, concernedActions);","  }","}","","function defaultStateReconciler(state, inboundState, reducedState, log) {","  var newState = _extends({}, reducedState);","","  Object.keys(inboundState).forEach(function (key) {","    // if initialState does not have key, skip auto rehydration","    if (!state.hasOwnProperty(key)) return;","","    // if initial state is an object but inbound state is null/undefined, skip","    if (_typeof(state[key]) === 'object' && !inboundState[key]) {","      if (log) console.log('redux-persist/autoRehydrate: sub state for key `%s` is falsy but initial state is an object, skipping autoRehydrate.', key);","      return;","    }","","    // if reducer modifies substate, skip auto rehydration","    if (state[key] !== reducedState[key]) {","      if (log) console.log('redux-persist/autoRehydrate: sub state for key `%s` modified, skipping autoRehydrate.', key);","      newState[key] = reducedState[key];","      return;","    }","","    // otherwise take the inboundState","    if ((0, _isStatePlainEnough2.default)(inboundState[key]) && (0, _isStatePlainEnough2.default)(state[key])) newState[key] = _extends({}, state[key], inboundState[key]); // shallow merge","    else newState[key] = inboundState[key]; // hard set","","    if (log) console.log('redux-persist/autoRehydrate: key `%s`, rehydrated to ', key, newState[key]);","  });","  return newState;","}"],"l":{"3":1,"7":1,"9":1,"11":1,"13":1,"15":1,"17":1,"19":1,"21":1,"22":0,"24":0,"26":0,"27":0,"28":0,"29":0,"31":0,"37":1,"38":0,"39":0,"40":0,"41":0,"42":0,"43":0,"45":0,"46":0,"48":0,"49":0,"51":0,"57":1,"58":0,"59":0,"60":0,"64":1,"65":0,"67":0,"69":0,"72":0,"73":0,"74":0,"78":0,"79":0,"80":0,"81":0,"85":0,"86":0,"88":0,"90":0}},"/home/travis/build/npmtest/node-npmtest-redux-persist/node_modules/redux-persist/lib/constants.js":{"path":"/home/travis/build/npmtest/node-npmtest-redux-persist/node_modules/redux-persist/lib/constants.js","s":{"1":1,"2":1,"3":1},"b":{},"f":{},"fnMap":{},"statementMap":{"1":{"start":{"line":3,"column":0},"end":{"line":5,"column":3}},"2":{"start":{"line":6,"column":0},"end":{"line":6,"column":54}},"3":{"start":{"line":7,"column":0},"end":{"line":7,"column":56}}},"branchMap":{},"code":["'use strict';","","Object.defineProperty(exports, \"__esModule\", {","  value: true","});","var KEY_PREFIX = exports.KEY_PREFIX = 'reduxPersist:';","var REHYDRATE = exports.REHYDRATE = 'persist/REHYDRATE';"],"l":{"3":1,"6":1,"7":1}},"/home/travis/build/npmtest/node-npmtest-redux-persist/node_modules/redux-persist/lib/utils/isStatePlainEnough.js":{"path":"/home/travis/build/npmtest/node-npmtest-redux-persist/node_modules/redux-persist/lib/utils/isStatePlainEnough.js","s":{"1":1,"2":1,"3":0,"4":0,"5":1,"6":1,"7":1,"8":1,"9":1,"10":1,"11":0,"12":0,"13":0,"14":0,"15":0,"16":0,"17":0,"18":0,"19":0},"b":{"1":[1,0],"2":[1,1],"3":[0,0],"4":[0,0,0,0],"5":[0,1],"6":[1,1],"7":[0,0],"8":[0,0],"9":[0,0],"10":[0,0],"11":[0,0]},"f":{"1":0,"2":0,"3":1,"4":0},"fnMap":{"1":{"name":"(anonymous_1)","line":7,"loc":{"start":{"line":7,"column":84},"end":{"line":7,"column":99}}},"2":{"name":"(anonymous_2)","line":7,"loc":{"start":{"line":7,"column":124},"end":{"line":7,"column":139}}},"3":{"name":"_interopRequireDefault","line":15,"loc":{"start":{"line":15,"column":0},"end":{"line":15,"column":37}}},"4":{"name":"isStatePlainEnough","line":17,"loc":{"start":{"line":17,"column":0},"end":{"line":17,"column":31}}}},"statementMap":{"1":{"start":{"line":3,"column":0},"end":{"line":5,"column":3}},"2":{"start":{"line":7,"column":0},"end":{"line":7,"column":269}},"3":{"start":{"line":7,"column":101},"end":{"line":7,"column":119}},"4":{"start":{"line":7,"column":141},"end":{"line":7,"column":266}},"5":{"start":{"line":9,"column":0},"end":{"line":9,"column":37}},"6":{"start":{"line":11,"column":0},"end":{"line":11,"column":53}},"7":{"start":{"line":13,"column":0},"end":{"line":13,"column":61}},"8":{"start":{"line":15,"column":0},"end":{"line":15,"column":95}},"9":{"start":{"line":15,"column":39},"end":{"line":15,"column":93}},"10":{"start":{"line":17,"column":0},"end":{"line":24,"column":1}},"11":{"start":{"line":19,"column":2},"end":{"line":19,"column":23}},"12":{"start":{"line":19,"column":10},"end":{"line":19,"column":23}},"13":{"start":{"line":20,"column":2},"end":{"line":20,"column":87}},"14":{"start":{"line":20,"column":74},"end":{"line":20,"column":87}},"15":{"start":{"line":21,"column":2},"end":{"line":21,"column":54}},"16":{"start":{"line":21,"column":41},"end":{"line":21,"column":54}},"17":{"start":{"line":22,"column":2},"end":{"line":22,"column":53}},"18":{"start":{"line":22,"column":40},"end":{"line":22,"column":53}},"19":{"start":{"line":23,"column":2},"end":{"line":23,"column":14}}},"branchMap":{"1":{"line":7,"type":"cond-expr","locations":[{"start":{"line":7,"column":84},"end":{"line":7,"column":121}},{"start":{"line":7,"column":124},"end":{"line":7,"column":268}}]},"2":{"line":7,"type":"binary-expr","locations":[{"start":{"line":7,"column":14},"end":{"line":7,"column":42}},{"start":{"line":7,"column":46},"end":{"line":7,"column":81}}]},"3":{"line":7,"type":"cond-expr","locations":[{"start":{"line":7,"column":244},"end":{"line":7,"column":252}},{"start":{"line":7,"column":255},"end":{"line":7,"column":265}}]},"4":{"line":7,"type":"binary-expr","locations":[{"start":{"line":7,"column":148},"end":{"line":7,"column":151}},{"start":{"line":7,"column":155},"end":{"line":7,"column":183}},{"start":{"line":7,"column":187},"end":{"line":7,"column":213}},{"start":{"line":7,"column":217},"end":{"line":7,"column":241}}]},"5":{"line":15,"type":"cond-expr","locations":[{"start":{"line":15,"column":70},"end":{"line":15,"column":73}},{"start":{"line":15,"column":76},"end":{"line":15,"column":92}}]},"6":{"line":15,"type":"binary-expr","locations":[{"start":{"line":15,"column":46},"end":{"line":15,"column":49}},{"start":{"line":15,"column":53},"end":{"line":15,"column":67}}]},"7":{"line":19,"type":"if","locations":[{"start":{"line":19,"column":2},"end":{"line":19,"column":2}},{"start":{"line":19,"column":2},"end":{"line":19,"column":2}}]},"8":{"line":20,"type":"if","locations":[{"start":{"line":20,"column":2},"end":{"line":20,"column":2}},{"start":{"line":20,"column":2},"end":{"line":20,"column":2}}]},"9":{"line":20,"type":"cond-expr","locations":[{"start":{"line":20,"column":34},"end":{"line":20,"column":45}},{"start":{"line":20,"column":48},"end":{"line":20,"column":58}}]},"10":{"line":21,"type":"if","locations":[{"start":{"line":21,"column":2},"end":{"line":21,"column":2}},{"start":{"line":21,"column":2},"end":{"line":21,"column":2}}]},"11":{"line":22,"type":"if","locations":[{"start":{"line":22,"column":2},"end":{"line":22,"column":2}},{"start":{"line":22,"column":2},"end":{"line":22,"column":2}}]}},"code":["'use strict';","","Object.defineProperty(exports, \"__esModule\", {","  value: true","});","","var _typeof = typeof Symbol === \"function\" && typeof Symbol.iterator === \"symbol\" ? function (obj) { return typeof obj; } : function (obj) { return obj && typeof Symbol === \"function\" && obj.constructor === Symbol && obj !== Symbol.prototype ? \"symbol\" : typeof obj; };","","exports.default = isStatePlainEnough;","","var _isPlainObject = require('lodash/isPlainObject');","","var _isPlainObject2 = _interopRequireDefault(_isPlainObject);","","function _interopRequireDefault(obj) { return obj && obj.__esModule ? obj : { default: obj }; }","","function isStatePlainEnough(a) {","  // isPlainObject + duck type not immutable","  if (!a) return false;","  if ((typeof a === 'undefined' ? 'undefined' : _typeof(a)) !== 'object') return false;","  if (typeof a.asMutable === 'function') return false;","  if (!(0, _isPlainObject2.default)(a)) return false;","  return true;","}"],"l":{"3":1,"7":1,"9":1,"11":1,"13":1,"15":1,"17":1,"19":0,"20":0,"21":0,"22":0,"23":0}},"/home/travis/build/npmtest/node-npmtest-redux-persist/node_modules/redux-persist/lib/createPersistor.js":{"path":"/home/travis/build/npmtest/node-npmtest-redux-persist/node_modules/redux-persist/lib/createPersistor.js","s":{"1":1,"2":1,"3":1,"4":1,"5":1,"6":1,"7":1,"8":1,"9":1,"10":1,"11":3,"12":1,"13":0,"14":0,"15":0,"16":0,"17":0,"18":0,"19":0,"20":0,"21":0,"22":0,"23":0,"24":0,"25":0,"26":0,"27":0,"28":0,"29":0,"30":0,"31":0,"32":0,"33":0,"34":0,"35":0,"36":0,"37":0,"38":0,"39":0,"40":0,"41":0,"42":0,"43":0,"44":0,"45":0,"46":0,"47":0,"48":0,"49":0,"50":0,"51":0,"52":0,"53":0,"54":0,"55":0,"56":0,"57":0,"58":0,"59":1,"60":0,"61":0,"62":0,"63":0,"64":0,"65":1,"66":0,"67":0,"68":0,"69":0,"70":0,"71":0,"72":0,"73":0,"74":0,"75":0,"76":0,"77":0,"78":0,"79":0,"80":1,"81":0,"82":0,"83":0,"84":0,"85":0,"86":1,"87":0,"88":0,"89":0,"90":1,"91":0,"92":0,"93":0,"94":0,"95":1,"96":0,"97":1,"98":0,"99":1,"100":0,"101":0,"102":1,"103":0,"104":1,"105":0,"106":0},"b":{"1":[2,1],"2":[3,3],"3":[0,0],"4":[0,0],"5":[0,0],"6":[0,0],"7":[0,0],"8":[0,0],"9":[0,0],"10":[0,0],"11":[0,0],"12":[0,0],"13":[0,0],"14":[0,0],"15":[0,0],"16":[0,0],"17":[0,0],"18":[0,0],"19":[0,0],"20":[0,0],"21":[0,0],"22":[0,0],"23":[0,0],"24":[0,0],"25":[0,0],"26":[0,0],"27":[0,0],"28":[0,0],"29":[0,0],"30":[0,0],"31":[0,0],"32":[0,0],"33":[0,0]},"f":{"1":3,"2":0,"3":0,"4":0,"5":0,"6":0,"7":0,"8":0,"9":0,"10":0,"11":0,"12":0,"13":0,"14":0,"15":0,"16":0,"17":0,"18":0,"19":0,"20":0,"21":0,"22":0,"23":0,"24":0,"25":0,"26":0},"fnMap":{"1":{"name":"_interopRequireDefault","line":22,"loc":{"start":{"line":22,"column":0},"end":{"line":22,"column":37}}},"2":{"name":"createPersistor","line":24,"loc":{"start":{"line":24,"column":0},"end":{"line":24,"column":40}}},"3":{"name":"(an
[...]
},"end":{"line":37,"column":6}},{"start":{"line":37,"column":6},"end":{"line":37,"column":6}}]},"15":{"line":49,"type":"if","locations":[{"start":{"line":49,"column":4},"end":{"line":49,"column":4}},{"start":{"line":49,"column":4},"end":{"line":49,"column":4}}]},"16":{"line":52,"type":"if","locations":[{"start":{"line":52,"column":8},"end":{"line":52,"column":8}},{"start":{"line":52,"column":8},"end":{"line":52,"column":8}}]},"17":{"line":52,"type":"binary-expr","locations":[{"start":{"line":52,"column":12},"end":{"line":52,"column":15}},{"start":{"line":52,"column":19},"end":{"line":52,"column":56}}]},"18":{"line":54,"type":"if","locations":[{"start":{"line":54,"column":8},"end":{"line":54,"column":8}},{"start":{"line":54,"column":8},"end":{"line":54,"column":8}}]},"19":{"line":68,"type":"if","locations":[{"start":{"line":68,"column":6},"end":{"line":68,"column":6}},{"start":{"line":68,"column":6},"end":{"line":68,"column":6}}]},"20":{"line":79,"type":"if","locations":[{"start":{"line":79,"column":4},"end":{"line":79,"column":4}},{"start":{"line":79,"column":4},"end":{"line":79,"column":4}}]},"21":{"line":79,"type":"binary-expr","locations":[{"start":{"line":79,"column":8},"end":{"line":79,"column":17}},{"start":{"line":79,"column":21},"end":{"line":79,"column":50}}]},"22":{"line":80,"type":"if","locations":[{"start":{"line":80,"column":4},"end":{"line":80,"column":4}},{"start":{"line":80,"column":4},"end":{"line":80,"column":4}}]},"23":{"line":88,"type":"if","locations":[{"start":{"line":88,"column":2},"end":{"line":88,"column":2}},{"start":{"line":88,"column":2},"end":{"line":88,"column":2}}]},"24":{"line":88,"type":"binary-expr","locations":[{"start":{"line":88,"column":6},"end":{"line":88,"column":38}},{"start":{"line":88,"column":42},"end":{"line":88,"column":51}}]},"25":{"line":91,"type":"if","locations":[{"start":{"line":91,"column":8},"end":{"line":91,"column":8}},{"start":{"line":91,"column":8},"end":{"line":91,"column":8}}]}},"code":["'use strict';","","Object.defineProperty(exports, \"__esModule\", {","  value: true","});","","var _extends = Object.assign || function (target) { for (var i = 1; i < arguments.length; i++) { var source = arguments[i]; for (var key in source) { if (Object.prototype.hasOwnProperty.call(source, key)) { target[key] = source[key]; } } } return target; };","","exports.default = getStoredState;","","var _constants = require('./constants');","","var _asyncLocalStorage = require('./defaults/asyncLocalStorage');","","var _asyncLocalStorage2 = _interopRequireDefault(_asyncLocalStorage);","","function _interopRequireDefault(obj) { return obj && obj.__esModule ? obj : { default: obj }; }","","function getStoredState(config, onComplete) {","  var storage = config.storage || (0, _asyncLocalStorage2.default)('local');","  var deserializer = config.serialize === false ? function (data) {","    return data;","  } : defaultDeserializer;","  var blacklist = config.blacklist || [];","  var whitelist = config.whitelist || false;","  var transforms = config.transforms || [];","  var keyPrefix = config.keyPrefix !== undefined ? config.keyPrefix : _constants.KEY_PREFIX;","","  // fallback getAllKeys to `keys` if present (LocalForage compatability)","  if (storage.keys && !storage.getAllKeys) storage = _extends({}, storage, { getAllKeys: storage.keys });","","  var restoredState = {};","  var completionCount = 0;","","  storage.getAllKeys(function (err, allKeys) {","    if (err) {","      if (process.env.NODE_ENV !== 'production') console.warn('redux-persist/getStoredState: Error in storage.getAllKeys');","      complete(err);","    }","","    var persistKeys = allKeys.filter(function (key) {","      return key.indexOf(keyPrefix) === 0;","    }).map(function (key) {","      return key.slice(keyPrefix.length);","    });","    var keysToRestore = persistKeys.filter(passWhitelistBlacklist);","","    var restoreCount = keysToRestore.length;","    if (restoreCount === 0) complete(null, restoredState);","    keysToRestore.forEach(function (key) {","      storage.getItem(createStorageKey(key), function (err, serialized) {","        if (err && process.env.NODE_ENV !== 'production') console.warn('redux-persist/getStoredState: Error restoring data for key:', key, err);else restoredState[key] = rehydrate(key, serialized);","        completionCount += 1;","        if (completionCount === restoreCount) complete(null, restoredState);","      });","    });","  });","","  function rehydrate(key, serialized) {","    var state = null;","","    try {","      var data = deserializer(serialized);","      state = transforms.reduceRight(function (subState, transformer) {","        return transformer.out(subState, key);","      }, data);","    } catch (err) {","      if (process.env.NODE_ENV !== 'production') console.warn('redux-persist/getStoredState: Error restoring data for key:', key, err);","    }","","    return state;","  }","","  function complete(err, restoredState) {","    onComplete(err, restoredState);","  }","","  function passWhitelistBlacklist(key) {","    if (whitelist && whitelist.indexOf(key) === -1) return false;","    if (blacklist.indexOf(key) !== -1) return false;","    return true;","  }","","  function createStorageKey(key) {","    return '' + keyPrefix + key;","  }","","  if (typeof onComplete !== 'function' && !!Promise) {","    return new Promise(function (resolve, reject) {","      onComplete = function onComplete(err, restoredState) {","        if (err) reject(err);else resolve(restoredState);","      };","    });","  }","}","","function defaultDeserializer(serial) {","  return JSON.parse(serial);","}"],"l":{"3":1,"7":1,"9":1,"11":1,"13":1,"15":1,"17":1,"19":1,"20":0,"21":0,"22":0,"24":0,"25":0,"26":0,"27":0,"30":0,"32":0,"33":0,"35":0,"36":0,"37":0,"38":0,"41":0,"42":0,"44":0,"46":0,"48":0,"49":0,"50":0,"51":0,"52":0,"53":0,"54":0,"59":1,"60":0,"62":0,"63":0,"64":0,"65":0,"68":0,"71":0,"74":1,"75":0,"78":1,"79":0,"80":0,"81":0,"84":1,"85":0,"88":0,"89":0,"90":0,"91":0,"97":1,"98":0}},"/home/travis/build/npmtest/node-npmtest-redux-persist/node_modules/redux-persist/lib/persistStore.js":{"path":"/home/travis/build/npmtest/node-npmtest-redux-persist/node_modules/redux-persist/lib/persistStore.js","s":{"1":1,"2":1,"3":0,"4":0,"5":0,"6":0,"7":0,"8":0,"9":1,"10":1,"11":1,"12":1,"13":1,"14":1,"15":1,"16":2,"17":1,"18":0,"19":1,"20":0,"21":0,"22":0,"23":0,"24":0,"25":0,"26":0,"27":0,"28":0,"29":0,"30":0,"31":0,"32":0,"33":0,"34":0,"35":0,"36":0,"37":0,"38":0,"39":1,"40":0,"41":0,"42":0,"43":0,"44":0,"45":1,"46":0,"47":0},"b":{"1":[1,0],"2":[0,0],"3":[2,0],"4":[2,2],"5":[0,1],"6":[0,0],"7":[0,0],"8":[0,0],"9":[0,0],"10":[0,0],"11":[0,0],"12":[0,0],"13":[0,0],"14":[0,0],"15":[0,0],"16":[0,0],"17":[0,0]},"f":{"1":0,"2":2,"3":0,"4":0,"5":0,"6":0,"7":0,"8":0,"9":0,"10":0},"fnMap":{"1":{"name":"(anonymous_1)","line":7,"loc":{"start":{"line":7,"column":32},"end":{"line":7,"column":50}}},"2":{"name":"_interopRequireDefault","line":21,"loc":{"start":{"line":21,"column":0},"end":{"line":21,"column":37}}},"3":{"name":"(anonymous_3)","line":24,"loc":{"start":{"line":24,"column":87},"end":{"line":24,"column":101}}},"4":{"name":"persistStore","line":28,"loc":{"start":{"line":28,"column":0},"end":{"line":28,"column":29}}},"5":{"name":"(anonymous_5)","line":45,"loc":{"start":{"line":45,"column":24},"end":{"line":45,"column":36}}},"6":{"name":"(anonymous_6)","line":46,"loc":{"start":{"line":46,"column":44},"end":{"line":46,"column":74}}},"7":{"name":"(anonymous_7)","line":49,"loc":{"start":{"line":49,"column":75},"end":{"line":49,"column":90}}},"8":{"name":"complete","line":60,"loc":{"start":{"line":60,"column":2},"end":{"line":60,"column":40}}},"9":{"name":"purge","line":66,"loc":{"start":{"line":66,"column":11},"end":{"line":66,"column":32}}},"10":{"name":"rehydrateAction","line":73,"loc":{"start":{"line":73,"column":0},"end":{"line":73,"column":34}}}},"statementMap":{"1":{"start":{"line":3,"column":0},"end":{"line":5,"column":3}},"2":{"start":{"line":7,"column":0},"end":{"line":7,"column":257}},"3":{"start":{"line":7,"column":52},"end":{"line":7,"column":239}},"4":{"start":{"line":7,"column":97},"end":{"line":7,"column":123}},"5":{"start":{"line":7,"column":124},"end":{"line":7,"column":237}},"6":{"start":{"line":7,"column":150},"end":{"line":7,"column":235}},"7":{"start":{"line":7,"column":207},"end":{"line":7,"column":233}},"8":{"start":{"line":7,"column":240},"end":{"line":7,"column":254}},"9":{"start":{"line":9,"column":0},"end":{"line":9,"column":31}},"10":{"start":{"line":11,"column":0},"end":{"line":11,"column":40}},"11":{"start":{"line":13,"column":0},"end":{"line":13,"column":50}},"12":{"start":{"line":15,"column":0},"end":{"line":15,"column":63}},"13":{"start":{"line":17,"column":0},"end":{"line":17,"column":52}},"14":{"start":{"line":19,"column":0},"end":{"line":19,"column":65}},"15":{"start":{"line":21,"column":0},"end":{"line":21,"column":95}},"16":{"start":{"line":21,"column":39},"end":{"line":21,"column":93}},"17":{"start":{"line":24,"column":0},"end":{"line":26,"column":17}},"18":{"start":{"line":25,"column":2},"end":{"line":25,"column":27}},"19":{"start":{"line":28,"column":0},"end":{"line":71,"column":1}},"20":{"start":{"line":29,"column":2},"end":{"line":29,"column":86}},"21":{"start":{"line":30,"column":2},"end":{"line":30,"column":32}},"22":{"start":{"line":34,"column":2},"end":{"line":34,"column":42}},"23":{"start":{"line":35,"column":2},"end":{"line":35,"column":200}},"24":{"start":{"line":35,"column":67},"end":{"line":35,"column":200}},"25":{"start":{"line":37,"column":2},"end":{"line":37,"column":23}},"26":{"start":{"line":40,"column":2},"end":{"line":40,"column":64}},"27":{"start":{"line":41,"column":2},"end":{"line":41,"column":20}},"28":{"start":{"line":44,"column":2},"end":{"line":58,"column":39}},"29":{"start":{"line":45,"column":4},"end":{"line":57,"column":7}},"30":{"start":{"line":46,"column":6},"end":{"line":56,"column":9}},"31":{"start":{"line":48,"column":8},"end":{"line":52,"column":9}},"32":{"start":{"line":49,"column":10},"end":{"line":51,"column":13}},"33":{"start":{"line":49,"column":33},"end":{"line":49,"column":52}},"34":{"start":{"line":49,"column":57},"end":{"line":51,"column":13}},"35":{"start":{"line":50,"column":12},"end":{"line":50,"column":45}},"36":{"start":{"line":54,"column":8},"end":{"line":54,"column":60}},"37":{"start":{"line":55,"column":8},"end":{"line":55,"column":37}},"38":{"start":{"line":58,"column":9},"end":{"line":58,"column":39}},"39":{"start":{"line":60,"column":2},"end":{"line":63,"column":3}},"40":{"start":{"line":61,"column":4},"end":{"line":61,"column":23}},"41":{"start":{"line":62,"column":4},"end":{"line":62,"column":49}},"42":{"start":{"line":65,"column":2},"end":{"line":70,"column":5}},"43":{"start":{"line":67,"column":6},"end":{"line":67,"column":30}},"44":{"start":{"line":68,"column":6},"end":{"line":68,"column":35}},"45":{"start":{"line":73,"column":0},"end":{"line":81,"column":1}},"46":{"start":{"line":74,"column":2},"end":{"line":74,"column":87}},"47":{"start":{"line":76,"column":2},"end":{"line":80,"column":4}}},"branchMap":{"1":{"line":7,"type":"binary-expr","locations":[{"start":{"line":7,"column":15},"end":{"line":7,"column":28}},{"start":{"line":7,"column":32},"end":{"line":7,"column":256}}]},"2":{"line":7,"type":"if","locations":[{"start":{"line":7,"column":150},"end":{"line":7,"column":150}},{"start":{"line":7,"column":150},"end":{"line":7,"column":150}}]},"3":{"line":21,"type":"cond-expr","locations":[{"start":{"line":21,"column":70},"end":{"line":21,"column":73}},{"start":{"line":21,"column":76},"end":{"line":21,"column":92}}]},"4":{"line":21,"type":"binary-expr","locations":[{"start":{"line":21,"column":46},"end":{"line":21,"column":49}},{"start":{"line":21,"column":53},"end":{"line":21,"column":67}}]},"5":{"line":24,"type":"cond-expr","locations":[{"start":{"line":24,"column":64},"end":{"line":26,"column":1}},{"start":{"line":26,"column":4},"end":{"line":26,"column":16}}]},"6":{"line":24,"type":"binary-expr","locations":[{"start":{"line":24,"column":64},"end":{"line":24,"column":83}},{"start":{"line":24,"column":87},"end":{"line":26,"column":1}}]},"7":{"line":29,"type":"cond-expr","locations":[{"start":{"line":29,"column":68},"end":{"line":29,"column":80}},{"start":{"line":29,"column":83},"end":{"line":29,"column":85}}]},"8":{"line":29,"type":"binary-expr","locations":[{"start":{"line":29,"column":15},"end":{"line":29,"column":35}},{"start":{"line":29,"column":39},"end":{"line":29,"column":65}}]},"9":{"line":35,"type":"if","locations":[{"start":{"line":35,"column":2},"end":{"line":35,"column":2}},{"start":{"line":35,"column":2},"end":{"line":35,"column":2}}]},"10":{"line":35,"type":"binary-expr","locations":[{"start":{"line":35,"column":6},"end":{"line":35,"column":43}},{"start":{"line":35,"column":47},"end":{"line":35,"column":65}}]},"11":{"line":44,"type":"if","locations":[{"start":{"line":44,"column":2},"end":{"line":44,"column":2}},{"start":{"line":44,"column":2},"end":{"line":44,"column":2}}]},"12":{"line":48,"type":"if","locations":[{"start":{"line":48,"column":8},"end":{"line":48,"column":8}},{"start":{"line":48,"column":8},"end":{"line":48,"column":8}}]},"13":{"line":49,"type":"if","locations":[{"start":{"line":49,"column":10},"end":{"line":49,"column":10}},{"start":{"line":49,"column":10},"end":{"line":49,"column":10}}]},"14":{"line":62,"type":"binary-expr","locations":[{"start":{"line":62,"column":4},"end":{"line":62,"column":14}},{"start":{"line":62,"column":18},"end":{"line":62,"column":48}}]},"15":{"line":67,"type":"binary-expr","locations":[{"start":{"line":67,"column":18},"end":{"line":67,"column":22}},{"start":{"line":67,"column":26},"end":{"line":67,"column":29}}]},"16":{"line":74,"type":"cond-expr","locations":[{"start":{"line":74,"column":67},"end":{"line":74,"column":79}},{"start":{"line":74,"column":82},"end":{"line":74,"column":86}}]},"17":{"line":74,"type":"binary-expr","locations":[{"start":{"line":74,"column":14},"end":{"line":74,"column":34}},{"start":{"line":74,"column":38},"end":{"line":74,"column":64}}]}},"code":["'use strict';","","Object.defineProperty(exports, \"__esModule\", {","  value: true","});","","var _extends = Object.assign || function (target) { for (var i = 1; i < arguments.length; i++) { var source = arguments[i]; for (var key in source) { if (Object.prototype.hasOwnProperty.call(source, key)) { target[key] = source[key]; } } } return target; };","","exports.default = persistStore;","","var _constants = require('./constants');","","var _getStoredState = require('./getStoredState');","","var _getStoredState2 = _interopRequireDefault(_getStoredState);","","var _createPersistor = require('./createPersistor');","","var _createPersistor2 = _interopRequireDefault(_createPersistor);","","function _interopRequireDefault(obj) { return obj && obj.__esModule ? obj : { default: obj }; }","","// try to source setImmediate as follows: setImmediate (global) -> global.setImmediate -> setTimeout(fn, 0)","var genericSetImmediate = typeof setImmediate === 'undefined' ? global.setImmediate || function (fn) {","  return setTimeout(fn, 0);","} : setImmediate;","","function persistStore(store) {","  var config = arguments.length > 1 && arguments[1] !== undefined ? arguments[1] : {};","  var onComplete = arguments[2];","","  // defaults","  // @TODO remove shouldRestore","  var shouldRestore = !config.skipRestore;","  if (process.env.NODE_ENV !== 'production' && config.skipRestore) console.warn('redux-persist: config.skipRestore has been deprecated. If you want to skip restoration use `createPersistor` instead');","","  var purgeKeys = null;","","  // create and pause persistor","  var persistor = (0, _createPersistor2.default)(store, config);","  persistor.pause();","","  // restore","  if (shouldRestore) {","    genericSetImmediate(function () {","      (0, _getStoredState2.default)(config, function (err, restoredState) {","        // do not persist state for purgeKeys","        if (purgeKeys) {","          if (purgeKeys === '*') restoredState = {};else purgeKeys.forEach(function (key) {","            return delete restoredState[key];","          });","        }","","        store.dispatch(rehydrateAction(restoredState, err));","        complete(err, restoredState);","      });","    });","  } else genericSetImmediate(complete);","","  function complete(err, restoredState) {","    persistor.resume();","    onComplete && onComplete(err, restoredState);","  }","","  return _extends({}, persistor, {","    purge: function purge(keys) {","      purgeKeys = keys || '*';","      return persistor.purge(keys);","    }","  });","}","","function rehydrateAction(payload) {","  var error = arguments.length > 1 && arguments[1] !== undefined ? arguments[1] : null;","","  return {","    type: _constants.REHYDRATE,","    payload: payload,","    error: error","  };","}"],"l":{"3":1,"7":1,"9":1,"11":1,"13":1,"15":1,"17":1,"19":1,"21":2,"24":1,"25":0,"28":1,"29":0,"30":0,"34":0,"35":0,"37":0,"40":0,"41":0,"44":0,"45":0,"46":0,"48":0,"49":0,"50":0,"54":0,"55":0,"58":0,"60":1,"61":0,"62":0,"65":0,"67":0,"68":0,"73":1,"74":0,"76":0}},"/home/travis/build/npmtest/node-npmtest-redux-persist/node_modules/redux-persist/constants.js":{"path":"/home/travis/build/npmtest/node-npmtest-redux-persist/node_modules/redux-persist/constants.js","s":{"1":1},"b":{},"f":{},"fnMap":{},"statementMap":{"1":{"start":{"line":1,"column":0},"end":{"line":1,"column":43}}},"branchMap":{},"code":["module.exports = require('./lib/constants')",""],"l":{"1":1}},"/home/travis/build/npmtest/node-npmtest-redux-persist/node_modules/redux-persist/lib/defaultStorages.js":{"path":"/home/travis/build/npmtest/node-npmtest-redux-persist/node_modules/redux-persist/lib/defaultStorages.js","s":{"1":1,"2":1,"3":1,"4":1,"5":1,"6":1,"7":1,"8":1},"b":{"1":[1,0],"2":[1,1]},"f":{"1":1},"fnMap":{"1":{"name":"_interopRequireDefault","line":12,"loc":{"start":{"line":12,"column":0},"end":{"line":12,"column":37}}}},"statementMap":{"1":{"start":{"line":3,"column":0},"end":{"line":5,"column":3}},"2":{"start":{"line":6,"column":0},"end":{"line":6,"column":68}},"3":{"start":{"line":8,"column":0},"end":{"line":8,"column":65}},"4":{"start":{"line":10,"column":0},"end":{"line":10,"column":69}},"5":{"start":{"line":12,"column":0},"end":{"line":12,"column":95}},"6":{"start":{"line":12,"column":39},"end":{"line":12,"column":93}},"7":{"start":{"line":14,"column":0},"end":{"line":14,"column":94}},"8":{"start":{"line":15,"column":0},"end":{"line":15,"column":100}}},"branchMap":{"1":{"line":12,"type":"cond-expr","locations":[{"start":{"line":12,"column":70},"end":{"line":12,"column":73}},{"start":{"line":12,"column":76},"end":{"line":12,"column":92}}]},"2":{"line":12,"type":"binary-expr","locations":[{"start":{"line":12,"column":46},"end":{"line":12,"column":49}},{"start":{"line":12,"column":53},"end":{"line":12,"column":67}}]}},"code":["'use strict';","","Object.defineProperty(exports, \"__esModule\", {","  value: true","});","exports.asyncSessionStorage = exports.asyncLocalStorage = undefined;","","var _asyncLocalStorage = require('./defaults/asyncLocalStorage');","","var _asyncLocalStorage2 = _interopRequireDefault(_asyncLocalStorage);","","function _interopRequireDefault(obj) { return obj && obj.__esModule ? obj : { default: obj }; }","","var asyncLocalStorage = exports.asyncLocalStorage = (0, _asyncLocalStorage2.default)('local');","var asyncSessionStorage = exports.asyncSessionStorage = (0, _asyncLocalStorage2.default)('session');"],"l":{"3":1,"6":1,"8":1,"10":1,"12":1,"14":1,"15":1}},"/home/travis/build/npmtest/node-npmtest-redux-persist/node_modules/redux-persist/storages.js":{"path":"/home/travis/build/npmtest/node-npmtest-redux-persist/node_modules/redux-persist/storages.js","s":{"1":1},"b":{},"f":{},"fnMap":{},"statementMap":{"1":{"start":{"line":1,"column":0},"end":{"line":1,"column":49}}},"branchMap":{},"code":["module.exports = require('./lib/defaultStorages')",""],"l":{"1":1}}}